#
# There is insufficient memory for the Java Runtime Environment to continue.
# Native memory allocation (malloc) failed to allocate 42896 bytes for Chunk::new
# Possible reasons:
#   The system is out of physical RAM or swap space
#   In 32 bit mode, the process size limit was hit
# Possible solutions:
#   Reduce memory load on the system
#   Increase physical memory or swap space
#   Check if swap backing store is full
#   Use 64 bit Java on a 64 bit OS
#   Decrease Java heap size (-Xmx/-Xms)
#   Decrease number of Java threads
#   Decrease Java thread stack sizes (-Xss)
#   Set larger code cache with -XX:ReservedCodeCacheSize=
# This output file may be truncated or incomplete.
#
#  Out of Memory Error (allocation.cpp:390), pid=10944, tid=8952
#
# JRE version: Java(TM) SE Runtime Environment (8.0_45-b15) (build 1.8.0_45-b15)
# Java VM: Java HotSpot(TM) 64-Bit Server VM (25.45-b02 mixed mode windows-amd64 compressed oops)
# Failed to write core dump. Minidumps are not enabled by default on client versions of Windows
#

---------------  T H R E A D  ---------------

Current thread (0x0000000014b10000):  JavaThread "C2 CompilerThread1" daemon [_thread_in_native, id=8952, stack(0x0000000016170000,0x0000000016270000)]

Stack: [0x0000000016170000,0x0000000016270000]
Native frames: (J=compiled Java code, j=interpreted, Vv=VM code, C=native code)
V  [jvm.dll+0x32b57a]
V  [jvm.dll+0x279873]
V  [jvm.dll+0x27a509]
V  [jvm.dll+0x271825]
V  [jvm.dll+0xcb9e2]
V  [jvm.dll+0xcbeac]
V  [jvm.dll+0x49298c]
V  [jvm.dll+0x45f41a]
V  [jvm.dll+0x46a73b]
V  [jvm.dll+0x46cd52]
V  [jvm.dll+0x4500f2]
V  [jvm.dll+0xa4352]
V  [jvm.dll+0xa4c8f]
V  [jvm.dll+0x241984]
V  [jvm.dll+0x29853a]
C  [msvcr100.dll+0x21d9f]
C  [msvcr100.dll+0x21e3b]
C  [KERNEL32.DLL+0x8364]


Current CompileTask:
C2:   3214  206       4       com.android.dx.rop.cst.CstString::utf8BytesToString (391 bytes)


---------------  P R O C E S S  ---------------

Java Threads: ( => current thread )
  0x00000000165b6000 JavaThread "pool-2-thread-4" [_thread_blocked, id=9392, stack(0x0000000016d70000,0x0000000016e70000)]
  0x00000000165b4800 JavaThread "pool-2-thread-3" [_thread_blocked, id=1648, stack(0x0000000016c70000,0x0000000016d70000)]
  0x00000000165af000 JavaThread "pool-2-thread-2" [_thread_blocked, id=10252, stack(0x0000000016b70000,0x0000000016c70000)]
  0x00000000164c5000 JavaThread "pool-3-thread-1" [_thread_blocked, id=10284, stack(0x0000000016a70000,0x0000000016b70000)]
  0x00000000164c3800 JavaThread "pool-2-thread-1" [_thread_blocked, id=10840, stack(0x0000000016970000,0x0000000016a70000)]
  0x000000001638c000 JavaThread "Service Thread" daemon [_thread_blocked, id=11084, stack(0x0000000016770000,0x0000000016870000)]
  0x0000000014b4f800 JavaThread "C1 CompilerThread2" daemon [_thread_blocked, id=10500, stack(0x0000000016270000,0x0000000016370000)]
=>0x0000000014b10000 JavaThread "C2 CompilerThread1" daemon [_thread_in_native, id=8952, stack(0x0000000016170000,0x0000000016270000)]
  0x0000000014b0c800 JavaThread "C2 CompilerThread0" daemon [_thread_in_native, id=10552, stack(0x0000000016070000,0x0000000016170000)]
  0x0000000014b0b000 JavaThread "Attach Listener" daemon [_thread_blocked, id=10648, stack(0x0000000015f70000,0x0000000016070000)]
  0x0000000014b09800 JavaThread "Signal Dispatcher" daemon [_thread_blocked, id=10656, stack(0x0000000015e70000,0x0000000015f70000)]
  0x00000000023c0800 JavaThread "Finalizer" daemon [_thread_blocked, id=10324, stack(0x0000000015d70000,0x0000000015e70000)]
  0x00000000023bd000 JavaThread "Reference Handler" daemon [_thread_blocked, id=10616, stack(0x0000000015c70000,0x0000000015d70000)]
  0x00000000022d1000 JavaThread "main" [_thread_in_vm, id=10660, stack(0x0000000000a30000,0x0000000000b30000)]

Other Threads:
  0x0000000014ad8000 VMThread [stack: 0x0000000015b70000,0x0000000015c70000] [id=8596]
  0x000000001638d000 WatcherThread [stack: 0x0000000016870000,0x0000000016970000] [id=10540]

VM state:not at safepoint (normal execution)

VM Mutex/Monitor currently owned by a thread: None

Heap:
 PSYoungGen      total 18944K, used 5951K [0x00000000eab00000, 0x00000000ec000000, 0x0000000100000000)
  eden space 16384K, 36% used [0x00000000eab00000,0x00000000eb0cfe48,0x00000000ebb00000)
  from space 2560K, 0% used [0x00000000ebd80000,0x00000000ebd80000,0x00000000ec000000)
  to   space 2560K, 0% used [0x00000000ebb00000,0x00000000ebb00000,0x00000000ebd80000)
 ParOldGen       total 44032K, used 0K [0x00000000c0000000, 0x00000000c2b00000, 0x00000000eab00000)
  object space 44032K, 0% used [0x00000000c0000000,0x00000000c0000000,0x00000000c2b00000)
 Metaspace       used 3844K, capacity 5104K, committed 5376K, reserved 1056768K
  class space    used 429K, capacity 488K, committed 512K, reserved 1048576K

Card table byte_map: [0x0000000011800000,0x0000000011a10000] byte_map_base: 0x0000000011200000

Marking Bits: (ParMarkBitMap*) 0x000000005b534040
 Begin Bits: [0x0000000011f70000, 0x0000000012f70000)
 End Bits:   [0x0000000012f70000, 0x0000000013f70000)

Polling page: 0x0000000000910000

CodeCache: size=245760Kb used=1635Kb max_used=1635Kb free=244124Kb
 bounds [0x0000000002440000, 0x00000000026b0000, 0x0000000011440000]
 total_blobs=479 nmethods=222 adapters=170
 compilation: enabled

Compilation events (10 events):
Event: 3.104 Thread 0x0000000014b4f800 nmethod 209 0x00000000025b7690 code [0x00000000025b77e0, 0x00000000025b7930]
Event: 3.104 Thread 0x0000000014b4f800  205       3       com.android.dx.cf.iface.StdAttributeList::set (7 bytes)
Event: 3.105 Thread 0x0000000014b4f800 nmethod 205 0x00000000025b6710 code [0x00000000025b68e0, 0x00000000025b70c8]
Event: 3.105 Thread 0x0000000014b4f800  204       3       com.android.dx.cf.attrib.BaseAttribute::<init> (24 bytes)
Event: 3.105 Thread 0x0000000014b4f800 nmethod 204 0x00000000025b61d0 code [0x00000000025b6340, 0x00000000025b6608]
Event: 3.105 Thread 0x0000000014b4f800  207       3       com.android.dx.cf.direct.FieldListParser::set (30 bytes)
Event: 3.105 Thread 0x0000000014b4f800 nmethod 207 0x00000000025b4c90 code [0x00000000025b4e80, 0x00000000025b5918]
Event: 3.105 Thread 0x0000000014b4f800  210       3       com.android.dx.util.ByteArray::slice (30 bytes)
Event: 3.106 Thread 0x0000000014b4f800 nmethod 210 0x00000000025bf150 code [0x00000000025bf2c0, 0x00000000025bf518]
Event: 3.106 Thread 0x0000000014b4f800  203       3       com.android.dx.cf.direct.StdAttributeFactory::parse0 (532 bytes)

GC Heap History (0 events):
No events

Deoptimization events (0 events):
No events

Internal exceptions (2 events):
Event: 2.582 Thread 0x00000000022d1000 Exception <a 'java/lang/NoSuchMethodError': Method sun.misc.Unsafe.defineClass(Ljava/lang/String;[BII)Ljava/lang/Class; name or signature does not match> (0x00000000eab0d628) thrown at [C:\re\workspace\8-2-build-windows-amd64-cygwin\jdk8u45\3627\hotspot\sr3³Õqh¨@
Event: 2.582 Thread 0x00000000022d1000 Exception <a 'java/lang/NoSuchMethodError': Method sun.misc.Unsafe.prefetchRead(Ljava/lang/Object;J)V name or signature does not match> (0x00000000eab0d8b8) thrown at [C:\re\workspace\8-2-build-windows-amd64-cygwin\jdk8u45\3627\hotspot\src\share\vm\prims\j

Events (10 events):
Event: 3.001 loading class java/util/concurrent/ThreadPoolExecutor$Worker done
Event: 3.002 Thread 0x00000000164c3800 Thread added: 0x00000000164c3800
Event: 3.002 loading class com/android/dx/command/dexer/Main$ClassDefItemConsumer
Event: 3.002 loading class com/android/dx/command/dexer/Main$ClassDefItemConsumer done
Event: 3.004 Thread 0x00000000164c5000 Thread added: 0x00000000164c5000
Event: 3.093 loading class com/android/dx/cf/attrib/AttConstantValue
Event: 3.093 loading class com/android/dx/cf/attrib/AttConstantValue done
Event: 3.094 Thread 0x00000000165af000 Thread added: 0x00000000165af000
Event: 3.097 Thread 0x00000000165b4800 Thread added: 0x00000000165b4800
Event: 3.098 Thread 0x00000000165b6000 Thread added: 0x00000000165b6000


Dynamic libraries:
0x00007ff679600000 - 0x00007ff679637000 	C:\Program Files\Java\jdk1.8.0_45\bin\java.exe
0x00007ffc0bb40000 - 0x00007ffc0bd11000 	C:\WINDOWS\SYSTEM32\ntdll.dll
0x00007ffc09bf0000 - 0x00007ffc09c9b000 	C:\WINDOWS\System32\KERNEL32.DLL
0x00007ffc086c0000 - 0x00007ffc088dd000 	C:\WINDOWS\System32\KERNELBASE.dll
0x00007ffc09d60000 - 0x00007ffc09e02000 	C:\WINDOWS\System32\ADVAPI32.dll
0x00007ffc0ba40000 - 0x00007ffc0bade000 	C:\WINDOWS\System32\msvcrt.dll
0x00007ffc0bae0000 - 0x00007ffc0bb39000 	C:\WINDOWS\System32\sechost.dll
0x00007ffc09750000 - 0x00007ffc09871000 	C:\WINDOWS\System32\RPCRT4.dll
0x00007ffc0b8d0000 - 0x00007ffc0ba35000 	C:\WINDOWS\System32\USER32.dll
0x00007ffc088e0000 - 0x00007ffc088fe000 	C:\WINDOWS\System32\win32u.dll
0x00007ffc09690000 - 0x00007ffc096c4000 	C:\WINDOWS\System32\GDI32.dll
0x00007ffc08090000 - 0x00007ffc08212000 	C:\WINDOWS\System32\gdi32full.dll
0x00007ffbfcbf0000 - 0x00007ffbfce69000 	C:\WINDOWS\WinSxS\amd64_microsoft.windows.common-controls_6595b64144ccf1df_6.0.14393.447_none_42191651c6827bb3\COMCTL32.dll
0x00007ffc09920000 - 0x00007ffc09be7000 	C:\WINDOWS\System32\combase.dll
0x00007ffc084a0000 - 0x00007ffc08595000 	C:\WINDOWS\System32\ucrtbase.dll
0x00007ffc085a0000 - 0x00007ffc0860a000 	C:\WINDOWS\System32\bcryptPrimitives.dll
0x00007ffc0a190000 - 0x00007ffc0a1be000 	C:\WINDOWS\System32\IMM32.DLL
0x000000005a7d0000 - 0x000000005a8a2000 	C:\Program Files\Java\jdk1.8.0_45\jre\bin\msvcr100.dll
0x000000005ad30000 - 0x000000005b5b3000 	C:\Program Files\Java\jdk1.8.0_45\jre\bin\server\jvm.dll
0x00007ffc0a180000 - 0x00007ffc0a188000 	C:\WINDOWS\System32\PSAPI.DLL
0x00007ffc05a30000 - 0x00007ffc05a39000 	C:\WINDOWS\SYSTEM32\WSOCK32.dll
0x00007ffc09620000 - 0x00007ffc0968a000 	C:\WINDOWS\System32\WS2_32.dll
0x00007ffc00110000 - 0x00007ffc00133000 	C:\WINDOWS\SYSTEM32\WINMM.dll
0x00007ffc00e10000 - 0x00007ffc00e1a000 	C:\WINDOWS\SYSTEM32\VERSION.dll
0x00007ffbffc10000 - 0x00007ffbffc3b000 	C:\WINDOWS\SYSTEM32\WINMMBASE.dll
0x00007ffc089a0000 - 0x00007ffc089e2000 	C:\WINDOWS\System32\cfgmgr32.dll
0x000000005ca00000 - 0x000000005ca0f000 	C:\Program Files\Java\jdk1.8.0_45\jre\bin\verify.dll
0x000000005ad00000 - 0x000000005ad29000 	C:\Program Files\Java\jdk1.8.0_45\jre\bin\java.dll
0x000000005ace0000 - 0x000000005acf6000 	C:\Program Files\Java\jdk1.8.0_45\jre\bin\zip.dll
0x00007ffc0a1c0000 - 0x00007ffc0b6c9000 	C:\WINDOWS\System32\SHELL32.dll
0x00007ffc089f0000 - 0x00007ffc090ca000 	C:\WINDOWS\System32\windows.storage.dll
0x00007ffc07fb0000 - 0x00007ffc07ffc000 	C:\WINDOWS\System32\powrprof.dll
0x00007ffc09ca0000 - 0x00007ffc09cf2000 	C:\WINDOWS\System32\shlwapi.dll
0x00007ffc08020000 - 0x00007ffc0802f000 	C:\WINDOWS\System32\kernel.appcore.dll
0x00007ffc08220000 - 0x00007ffc082c9000 	C:\WINDOWS\System32\shcore.dll
0x00007ffc08000000 - 0x00007ffc08014000 	C:\WINDOWS\System32\profapi.dll
0x00007ffc02260000 - 0x00007ffc023f2000 	C:\WINDOWS\SYSTEM32\dbghelp.dll

VM Arguments:
jvm_args: -Djava.awt.headless=true -Xmx1024M -Dfile.encoding=windows-1252 -Duser.country=US -Duser.language=en -Duser.variant 
java_command: com.android.dx.command.Main --dex --force-jumbo --num-threads=4 --multi-dex --output E:\Projects\ShoppingApplication\app\build\intermediates\transforms\dex\debug\folders\1000\5\slice_2 E:\Projects\ShoppingApplication\app\build\intermediates\transforms\instantRunSlicer\debug\folders\1\5\slice_2
java_class_path (initial): E:\Android\AndroidData\build-tools\23.0.3\lib\dx.jar
Launcher Type: SUN_STANDARD

Environment Variables:
JAVA_HOME=C:\Program Files\Java\jdk1.8.0_45
CLASSPATH=C:\oraclexe\app\oracle\product\10.2.0\server\jdbc\lib\ojdbc14.jar;
PATH=C:\ProgramData\Oracle\Java\javapath;C:\oraclexe\app\oracle\product\10.2.0\server\bin;C:\Program Files (x86)\Intel\iCLS Client\;C:\Program Files\Intel\iCLS Client\;C:\Windows\system32;C:\Windows;C:\Windows\System32\Wbem;C:\Windows\System32\WindowsPowerShell\v1.0\;C:\Program Files\Intel\Intel(R) Management Engine Components\DAL;C:\Program Files\Intel\Intel(R) Management Engine Components\IPT;C:\Program Files (x86)\Intel\Intel(R) Management Engine Components\DAL;C:\Program Files (x86)\Intel\Intel(R) Management Engine Components\IPT;C:\Program Files (x86)\Windows Live\Shared;C:\WINDOWS\system32;C:\WINDOWS;C:\WINDOWS\System32\Wbem;C:\WINDOWS\System32\WindowsPowerShell\v1.0\;C:\Program Files (x86)\NVIDIA Corporation\PhysX\Common;%SystemRoot%\system32;%SystemRoot%;%SystemRoot%\System32\Wbem;%SYSTEMROOT%\System32\WindowsPowerShell\v1.0\;C:\Program Files\Java\jdk1.8.0_45\bin;%USERPROFILE%\AppData\Local\Microsoft\WindowsApps;
USERNAME=Hkohli
OS=Windows_NT
PROCESSOR_IDENTIFIER=Intel64 Family 6 Model 60 Stepping 3, GenuineIntel



---------------  S Y S T E M  ---------------

OS: Windows 10.0 , 64 bit Build 14393 (10.0.14393.0)

CPU:total 4 (2 cores per cpu, 2 threads per core) family 6 model 60 stepping 3, cmov, cx8, fxsr, mmx, sse, sse2, sse3, ssse3, sse4.1, sse4.2, popcnt, avx, avx2, aes, clmul, erms, lzcnt, ht, tsc, tscinvbit, bmi1, bmi2

Memory: 4k page, physical 4129132k(647160k free), swap 6793304k(204100k free)

vm_info: Java HotSpot(TM) 64-Bit Server VM (25.45-b02) for windows-amd64 JRE (1.8.0_45-b15), built on Apr 30 2015 12:40:44 by "java_re" with MS VC++ 10.0 (VS2010)

time: Sat Jan 21 15:45:03 2017
elapsed time: 3 seconds (0d 0h 0m 3s)

