#
# There is insufficient memory for the Java Runtime Environment to continue.
# Native memory allocation (malloc) failed to allocate 671456 bytes for Chunk::new
# Possible reasons:
#   The system is out of physical RAM or swap space
#   In 32 bit mode, the process size limit was hit
# Possible solutions:
#   Reduce memory load on the system
#   Increase physical memory or swap space
#   Check if swap backing store is full
#   Use 64 bit Java on a 64 bit OS
#   Decrease Java heap size (-Xmx/-Xms)
#   Decrease number of Java threads
#   Decrease Java thread stack sizes (-Xss)
#   Set larger code cache with -XX:ReservedCodeCacheSize=
# This output file may be truncated or incomplete.
#
#  Out of Memory Error (allocation.cpp:390), pid=10640, tid=10528
#
# JRE version: Java(TM) SE Runtime Environment (8.0_45-b15) (build 1.8.0_45-b15)
# Java VM: Java HotSpot(TM) 64-Bit Server VM (25.45-b02 mixed mode windows-amd64 compressed oops)
# Failed to write core dump. Minidumps are not enabled by default on client versions of Windows
#

---------------  T H R E A D  ---------------

Current thread (0x0000000014941800):  JavaThread "C2 CompilerThread1" daemon [_thread_in_native, id=10528, stack(0x0000000015fb0000,0x00000000160b0000)]

Stack: [0x0000000015fb0000,0x00000000160b0000]
Native frames: (J=compiled Java code, j=interpreted, Vv=VM code, C=native code)
V  [jvm.dll+0x32b57a]
V  [jvm.dll+0x279873]
V  [jvm.dll+0x27a509]
V  [jvm.dll+0x271825]
V  [jvm.dll+0xcb9e2]
V  [jvm.dll+0xcbeac]
V  [jvm.dll+0x476ef2]
V  [jvm.dll+0x4b955f]
V  [jvm.dll+0x46bf81]
V  [jvm.dll+0x46ccbe]
V  [jvm.dll+0x4500f2]
V  [jvm.dll+0xa4352]
V  [jvm.dll+0xa4c8f]
V  [jvm.dll+0x241984]
V  [jvm.dll+0x29853a]
C  [msvcr100.dll+0x21d9f]
C  [msvcr100.dll+0x21e3b]
C  [KERNEL32.DLL+0x8364]
C  [ntdll.dll+0x65e91]


Current CompileTask:
C2:   1601 1070       4       com.android.dx.ssa.SCCP::simulateBranch (666 bytes)


---------------  P R O C E S S  ---------------

Java Threads: ( => current thread )
  0x00000000163f6000 JavaThread "pool-2-thread-4" [_thread_in_Java, id=6356, stack(0x0000000016bb0000,0x0000000016cb0000)]
  0x0000000016318800 JavaThread "pool-2-thread-2" [_thread_in_Java, id=7096, stack(0x00000000169b0000,0x0000000016ab0000)]
  0x0000000016316000 JavaThread "pool-3-thread-1" [_thread_blocked, id=10480, stack(0x00000000168b0000,0x00000000169b0000)]
  0x0000000016312800 JavaThread "pool-2-thread-1" [_thread_blocked, id=6372, stack(0x00000000167b0000,0x00000000168b0000)]
  0x00000000161ba000 JavaThread "Service Thread" daemon [_thread_blocked, id=10364, stack(0x00000000165b0000,0x00000000166b0000)]
  0x000000001499d000 JavaThread "C1 CompilerThread2" daemon [_thread_in_vm, id=10404, stack(0x00000000160b0000,0x00000000161b0000)]
=>0x0000000014941800 JavaThread "C2 CompilerThread1" daemon [_thread_in_native, id=10528, stack(0x0000000015fb0000,0x00000000160b0000)]
  0x000000001493e800 JavaThread "C2 CompilerThread0" daemon [_thread_in_native, id=10508, stack(0x0000000015eb0000,0x0000000015fb0000)]
  0x000000001493c800 JavaThread "Attach Listener" daemon [_thread_blocked, id=7048, stack(0x0000000015db0000,0x0000000015eb0000)]
  0x000000001493b800 JavaThread "Signal Dispatcher" daemon [_thread_blocked, id=10256, stack(0x0000000015cb0000,0x0000000015db0000)]
  0x00000000021a8800 JavaThread "Finalizer" daemon [_thread_blocked, id=6984, stack(0x0000000015bb0000,0x0000000015cb0000)]
  0x00000000021a0000 JavaThread "Reference Handler" daemon [_thread_blocked, id=1836, stack(0x0000000015ab0000,0x0000000015bb0000)]
  0x00000000020b3000 JavaThread "main" [_thread_blocked, id=6168, stack(0x0000000001f70000,0x0000000002070000)]

Other Threads:
  0x0000000014907800 VMThread [stack: 0x00000000159b0000,0x0000000015ab0000] [id=3344]
  0x00000000161bb000 WatcherThread [stack: 0x00000000166b0000,0x00000000167b0000] [id=10820]

VM state:not at safepoint (normal execution)

VM Mutex/Monitor currently owned by a thread: None

Heap:
 PSYoungGen      total 18944K, used 16168K [0x00000000eab00000, 0x00000000ed000000, 0x0000000100000000)
  eden space 16384K, 85% used [0x00000000eab00000,0x00000000eb8a2930,0x00000000ebb00000)
  from space 2560K, 98% used [0x00000000ebb00000,0x00000000ebd797b8,0x00000000ebd80000)
  to   space 2560K, 0% used [0x00000000ecd80000,0x00000000ecd80000,0x00000000ed000000)
 ParOldGen       total 44032K, used 2122K [0x00000000c0000000, 0x00000000c2b00000, 0x00000000eab00000)
  object space 44032K, 4% used [0x00000000c0000000,0x00000000c0212820,0x00000000c2b00000)
 Metaspace       used 5892K, capacity 6896K, committed 7040K, reserved 1056768K
  class space    used 593K, capacity 616K, committed 640K, reserved 1048576K

Card table byte_map: [0x0000000011630000,0x0000000011840000] byte_map_base: 0x0000000011030000

Marking Bits: (ParMarkBitMap*) 0x000000005b534040
 Begin Bits: [0x0000000011da0000, 0x0000000012da0000)
 End Bits:   [0x0000000012da0000, 0x0000000013da0000)

Polling page: 0x0000000000740000

CodeCache: size=245760Kb used=4540Kb max_used=4540Kb free=241219Kb
 bounds [0x0000000002270000, 0x00000000026f0000, 0x0000000011270000]
 total_blobs=1431 nmethods=1162 adapters=182
 compilation: enabled

Compilation events (10 events):
Event: 1.575 Thread 0x000000001499d000 nmethod 1112 0x0000000002619390 code [0x00000000026194e0, 0x00000000026195f0]
Event: 1.575 Thread 0x000000001499d000 1132       3       com.android.dx.rop.code.RegisterSpecList::getType (12 bytes)
Event: 1.576 Thread 0x000000001499d000 nmethod 1132 0x00000000026afd50 code [0x00000000026afee0, 0x00000000026b0538]
Event: 1.576 Thread 0x000000001499d000 1128       1       com.android.dx.rop.annotation.Annotation::getType (5 bytes)
Event: 1.576 Thread 0x000000001499d000 nmethod 1128 0x00000000026b5e50 code [0x00000000026b5fa0, 0x00000000026b60b0]
Event: 1.577 Thread 0x000000001499d000 1134       3       com.android.dx.ssa.SsaMethod::mapRegisters (87 bytes)
Event: 1.578 Thread 0x000000001499d000 nmethod 1134 0x00000000026b8e10 code [0x00000000026b9080, 0x00000000026ba1a8]
Event: 1.578 Thread 0x000000001499d000 1135       3       com.android.dx.ssa.SsaConverter::placePhiFunctions (394 bytes)
Event: 1.581 Thread 0x000000001499d000 nmethod 1135 0x00000000026ba990 code [0x00000000026baf40, 0x00000000026be568]
Event: 1.581 Thread 0x000000001499d000 1138       3       com.android.dx.ssa.Dominators::run (506 bytes)

GC Heap History (2 events):
Event: 1.039 GC heap before
{Heap before GC invocations=1 (full 0):
 PSYoungGen      total 18944K, used 16384K [0x00000000eab00000, 0x00000000ec000000, 0x0000000100000000)
  eden space 16384K, 100% used [0x00000000eab00000,0x00000000ebb00000,0x00000000ebb00000)
  from space 2560K, 0% used [0x00000000ebd80000,0x00000000ebd80000,0x00000000ec000000)
  to   space 2560K, 0% used [0x00000000ebb00000,0x00000000ebb00000,0x00000000ebd80000)
 ParOldGen       total 44032K, used 0K [0x00000000c0000000, 0x00000000c2b00000, 0x00000000eab00000)
  object space 44032K, 0% used [0x00000000c0000000,0x00000000c0000000,0x00000000c2b00000)
 Metaspace       used 5718K, capacity 6768K, committed 7040K, reserved 1056768K
  class space    used 589K, capacity 616K, committed 640K, reserved 1048576K
Event: 1.206 GC heap after
Heap after GC invocations=1 (full 0):
 PSYoungGen      total 18944K, used 2533K [0x00000000eab00000, 0x00000000ed000000, 0x0000000100000000)
  eden space 16384K, 0% used [0x00000000eab00000,0x00000000eab00000,0x00000000ebb00000)
  from space 2560K, 98% used [0x00000000ebb00000,0x00000000ebd797b8,0x00000000ebd80000)
  to   space 2560K, 0% used [0x00000000ecd80000,0x00000000ecd80000,0x00000000ed000000)
 ParOldGen       total 44032K, used 2122K [0x00000000c0000000, 0x00000000c2b00000, 0x00000000eab00000)
  object space 44032K, 4% used [0x00000000c0000000,0x00000000c0212820,0x00000000c2b00000)
 Metaspace       used 5718K, capacity 6768K, committed 7040K, reserved 1056768K
  class space    used 589K, capacity 616K, committed 640K, reserved 1048576K
}

Deoptimization events (9 events):
Event: 0.703 Thread 0x00000000020b3000 Uncommon trap: reason=unstable_if action=reinterpret pc=0x000000000247385c method=java.util.HashMap.getNode(ILjava/lang/Object;)Ljava/util/HashMap$Node; @ 129
Event: 0.874 Thread 0x0000000016318800 Uncommon trap: reason=unstable_if action=reinterpret pc=0x00000000024d890c method=java.util.HashMap.getNode(ILjava/lang/Object;)Ljava/util/HashMap$Node; @ 129
Event: 0.907 Thread 0x00000000163f4000 Uncommon trap: reason=class_check action=maybe_recompile pc=0x0000000002546c24 method=com.android.dx.rop.type.Type.equals(Ljava/lang/Object;)Z @ 8
Event: 0.908 Thread 0x00000000163f4000 Uncommon trap: reason=class_check action=maybe_recompile pc=0x0000000002546c24 method=com.android.dx.rop.type.Type.equals(Ljava/lang/Object;)Z @ 8
Event: 0.939 Thread 0x00000000163f4000 Uncommon trap: reason=class_check action=maybe_recompile pc=0x0000000002546c24 method=com.android.dx.rop.type.Type.equals(Ljava/lang/Object;)Z @ 8
Event: 0.939 Thread 0x00000000163f4000 Uncommon trap: reason=class_check action=maybe_recompile pc=0x0000000002546c24 method=com.android.dx.rop.type.Type.equals(Ljava/lang/Object;)Z @ 8
Event: 1.239 Thread 0x0000000016318800 Uncommon trap: reason=unstable_if action=reinterpret pc=0x000000000253a45c method=com.android.dx.rop.cst.Constant.compareTo(Lcom/android/dx/rop/cst/Constant;)I @ 12
Event: 1.567 Thread 0x00000000163f6000 Uncommon trap: reason=unstable_if action=reinterpret pc=0x000000000260dcfc method=com.android.dx.util.IntList.binarysearch(I)I @ 105
Event: 1.581 Thread 0x0000000016312800 Uncommon trap: reason=null_check action=make_not_entrant pc=0x00000000025576e4 method=com.android.dx.rop.type.Type.equals(Ljava/lang/Object;)Z @ 8

Internal exceptions (3 events):
Event: 0.051 Thread 0x00000000020b3000 Exception <a 'java/lang/NoSuchMethodError': Method sun.misc.Unsafe.defineClass(Ljava/lang/String;[BII)Ljava/lang/Class; name or signature does not match> (0x00000000eab0d5d0) thrown at [C:\re\workspace\8-2-build-windows-amd64-cygwin\jdk8u45\3627\hotspot\sr;ün
;ª?
Event: 0.051 Thread 0x00000000020b3000 Exception <a 'java/lang/NoSuchMethodError': Method sun.misc.Unsafe.prefetchRead(Ljava/lang/Object;J)V name or signature does not match> (0x00000000eab0d860) thrown at [C:\re\workspace\8-2-build-windows-amd64-cygwin\jdk8u45\3627\hotspot\src\share\vm\prims\jžòm¾®Iù?
Event: 1.580 Thread 0x0000000016312800 Implicit null exception at 0x00000000025575e2 to 0x00000000025576d5

Events (10 events):
Event: 1.319 loading class com/android/dx/dex/file/AnnotationSetRefItem done
Event: 1.553 Thread 0x00000000163f4000 Thread exited: 0x00000000163f4000
Event: 1.567 Thread 0x00000000163f6000 Uncommon trap: trap_request=0xffffff65 fr.pc=0x000000000260dcfc
Event: 1.567 Thread 0x00000000163f6000 DEOPT PACKING pc=0x000000000260dcfc sp=0x0000000016caedd0
Event: 1.567 Thread 0x00000000163f6000 DEOPT UNPACKING pc=0x00000000022b582a sp=0x0000000016caed48 mode 2
Event: 1.576 Thread 0x00000000163f6000 DEOPT PACKING pc=0x00000000025a0325 sp=0x0000000016caed60
Event: 1.576 Thread 0x00000000163f6000 DEOPT UNPACKING pc=0x00000000022b787f sp=0x0000000016caeb40 mode 0
Event: 1.581 Thread 0x0000000016312800 Uncommon trap: trap_request=0xfffffff4 fr.pc=0x00000000025576e4
Event: 1.581 Thread 0x0000000016312800 DEOPT PACKING pc=0x00000000025576e4 sp=0x00000000168ae510
Event: 1.581 Thread 0x0000000016312800 DEOPT UNPACKING pc=0x00000000022b582a sp=0x00000000168ae498 mode 2


Dynamic libraries:
0x00007ff679600000 - 0x00007ff679637000 	C:\Program Files\Java\jdk1.8.0_45\bin\java.exe
0x00007ffc0bb40000 - 0x00007ffc0bd11000 	C:\WINDOWS\SYSTEM32\ntdll.dll
0x00007ffc09bf0000 - 0x00007ffc09c9b000 	C:\WINDOWS\System32\KERNEL32.DLL
0x00007ffc086c0000 - 0x00007ffc088dd000 	C:\WINDOWS\System32\KERNELBASE.dll
0x00007ffc09d60000 - 0x00007ffc09e02000 	C:\WINDOWS\System32\ADVAPI32.dll
0x00007ffc0ba40000 - 0x00007ffc0bade000 	C:\WINDOWS\System32\msvcrt.dll
0x00007ffc0bae0000 - 0x00007ffc0bb39000 	C:\WINDOWS\System32\sechost.dll
0x00007ffc09750000 - 0x00007ffc09871000 	C:\WINDOWS\System32\RPCRT4.dll
0x00007ffc0b8d0000 - 0x00007ffc0ba35000 	C:\WINDOWS\System32\USER32.dll
0x00007ffc088e0000 - 0x00007ffc088fe000 	C:\WINDOWS\System32\win32u.dll
0x00007ffc09690000 - 0x00007ffc096c4000 	C:\WINDOWS\System32\GDI32.dll
0x00007ffc08090000 - 0x00007ffc08212000 	C:\WINDOWS\System32\gdi32full.dll
0x00007ffbfcbf0000 - 0x00007ffbfce69000 	C:\WINDOWS\WinSxS\amd64_microsoft.windows.common-controls_6595b64144ccf1df_6.0.14393.447_none_42191651c6827bb3\COMCTL32.dll
0x00007ffc09920000 - 0x00007ffc09be7000 	C:\WINDOWS\System32\combase.dll
0x00007ffc084a0000 - 0x00007ffc08595000 	C:\WINDOWS\System32\ucrtbase.dll
0x00007ffc085a0000 - 0x00007ffc0860a000 	C:\WINDOWS\System32\bcryptPrimitives.dll
0x00007ffc0a190000 - 0x00007ffc0a1be000 	C:\WINDOWS\System32\IMM32.DLL
0x000000005a7d0000 - 0x000000005a8a2000 	C:\Program Files\Java\jdk1.8.0_45\jre\bin\msvcr100.dll
0x000000005ad30000 - 0x000000005b5b3000 	C:\Program Files\Java\jdk1.8.0_45\jre\bin\server\jvm.dll
0x00007ffc0a180000 - 0x00007ffc0a188000 	C:\WINDOWS\System32\PSAPI.DLL
0x00007ffc05a30000 - 0x00007ffc05a39000 	C:\WINDOWS\SYSTEM32\WSOCK32.dll
0x00007ffc09620000 - 0x00007ffc0968a000 	C:\WINDOWS\System32\WS2_32.dll
0x00007ffc00110000 - 0x00007ffc00133000 	C:\WINDOWS\SYSTEM32\WINMM.dll
0x00007ffc00e10000 - 0x00007ffc00e1a000 	C:\WINDOWS\SYSTEM32\VERSION.dll
0x00007ffbffc10000 - 0x00007ffbffc3b000 	C:\WINDOWS\SYSTEM32\WINMMBASE.dll
0x00007ffc089a0000 - 0x00007ffc089e2000 	C:\WINDOWS\System32\cfgmgr32.dll
0x000000005ca00000 - 0x000000005ca0f000 	C:\Program Files\Java\jdk1.8.0_45\jre\bin\verify.dll
0x000000005ad00000 - 0x000000005ad29000 	C:\Program Files\Java\jdk1.8.0_45\jre\bin\java.dll
0x000000005ace0000 - 0x000000005acf6000 	C:\Program Files\Java\jdk1.8.0_45\jre\bin\zip.dll
0x00007ffc0a1c0000 - 0x00007ffc0b6c9000 	C:\WINDOWS\System32\SHELL32.dll
0x00007ffc089f0000 - 0x00007ffc090ca000 	C:\WINDOWS\System32\windows.storage.dll
0x00007ffc07fb0000 - 0x00007ffc07ffc000 	C:\WINDOWS\System32\powrprof.dll
0x00007ffc09ca0000 - 0x00007ffc09cf2000 	C:\WINDOWS\System32\shlwapi.dll
0x00007ffc08020000 - 0x00007ffc0802f000 	C:\WINDOWS\System32\kernel.appcore.dll
0x00007ffc08220000 - 0x00007ffc082c9000 	C:\WINDOWS\System32\shcore.dll
0x00007ffc08000000 - 0x00007ffc08014000 	C:\WINDOWS\System32\profapi.dll
0x00007ffc02260000 - 0x00007ffc023f2000 	C:\WINDOWS\SYSTEM32\dbghelp.dll

VM Arguments:
jvm_args: -Djava.awt.headless=true -Xmx1024M -Dfile.encoding=windows-1252 -Duser.country=US -Duser.language=en -Duser.variant 
java_command: com.android.dx.command.Main --dex --force-jumbo --num-threads=4 --multi-dex --output E:\Projects\ShoppingApplication\app\build\intermediates\transforms\dex\debug\folders\1000\10\com.android.support-support-vector-drawable-23.4.0_3826ad4ba3ed72e296032227819005b966119fb1 E:\Projects\ShoppingApplication\app\build\intermediates\exploded-aar\com.android.support\support-vector-drawable\23.4.0\jars\classes.jar
java_class_path (initial): E:\Android\AndroidData\build-tools\23.0.3\lib\dx.jar
Launcher Type: SUN_STANDARD

Environment Variables:
JAVA_HOME=C:\Program Files\Java\jdk1.8.0_45
CLASSPATH=C:\oraclexe\app\oracle\product\10.2.0\server\jdbc\lib\ojdbc14.jar;
PATH=C:\ProgramData\Oracle\Java\javapath;C:\oraclexe\app\oracle\product\10.2.0\server\bin;C:\Program Files (x86)\Intel\iCLS Client\;C:\Program Files\Intel\iCLS Client\;C:\Windows\system32;C:\Windows;C:\Windows\System32\Wbem;C:\Windows\System32\WindowsPowerShell\v1.0\;C:\Program Files\Intel\Intel(R) Management Engine Components\DAL;C:\Program Files\Intel\Intel(R) Management Engine Components\IPT;C:\Program Files (x86)\Intel\Intel(R) Management Engine Components\DAL;C:\Program Files (x86)\Intel\Intel(R) Management Engine Components\IPT;C:\Program Files (x86)\Windows Live\Shared;C:\WINDOWS\system32;C:\WINDOWS;C:\WINDOWS\System32\Wbem;C:\WINDOWS\System32\WindowsPowerShell\v1.0\;C:\Program Files (x86)\NVIDIA Corporation\PhysX\Common;%SystemRoot%\system32;%SystemRoot%;%SystemRoot%\System32\Wbem;%SYSTEMROOT%\System32\WindowsPowerShell\v1.0\;C:\Program Files\Java\jdk1.8.0_45\bin;%USERPROFILE%\AppData\Local\Microsoft\WindowsApps;
USERNAME=Hkohli
OS=Windows_NT
PROCESSOR_IDENTIFIER=Intel64 Family 6 Model 60 Stepping 3, GenuineIntel



---------------  S Y S T E M  ---------------

OS: Windows 10.0 , 64 bit Build 14393 (10.0.14393.0)

CPU:total 4 (2 cores per cpu, 2 threads per core) family 6 model 60 stepping 3, cmov, cx8, fxsr, mmx, sse, sse2, sse3, ssse3, sse4.1, sse4.2, popcnt, avx, avx2, aes, clmul, erms, lzcnt, ht, tsc, tscinvbit, bmi1, bmi2

Memory: 4k page, physical 4129132k(638420k free), swap 6793304k(4200k free)

vm_info: Java HotSpot(TM) 64-Bit Server VM (25.45-b02) for windows-amd64 JRE (1.8.0_45-b15), built on Apr 30 2015 12:40:44 by "java_re" with MS VC++ 10.0 (VS2010)

time: Sat Jan 21 15:45:07 2017
elapsed time: 1 seconds (0d 0h 0m 1s)

