#
# There is insufficient memory for the Java Runtime Environment to continue.
# Native memory allocation (malloc) failed to allocate 998976 bytes for Chunk::new
# Possible reasons:
#   The system is out of physical RAM or swap space
#   In 32 bit mode, the process size limit was hit
# Possible solutions:
#   Reduce memory load on the system
#   Increase physical memory or swap space
#   Check if swap backing store is full
#   Use 64 bit Java on a 64 bit OS
#   Decrease Java heap size (-Xmx/-Xms)
#   Decrease number of Java threads
#   Decrease Java thread stack sizes (-Xss)
#   Set larger code cache with -XX:ReservedCodeCacheSize=
# This output file may be truncated or incomplete.
#
#  Out of Memory Error (allocation.cpp:390), pid=10892, tid=10768
#
# JRE version: Java(TM) SE Runtime Environment (8.0_45-b15) (build 1.8.0_45-b15)
# Java VM: Java HotSpot(TM) 64-Bit Server VM (25.45-b02 mixed mode windows-amd64 compressed oops)
# Failed to write core dump. Minidumps are not enabled by default on client versions of Windows
#

---------------  T H R E A D  ---------------

Current thread (0x000000001550e000):  JavaThread "C2 CompilerThread1" daemon [_thread_in_native, id=10768, stack(0x0000000016b20000,0x0000000016c20000)]

Stack: [0x0000000016b20000,0x0000000016c20000]
Native frames: (J=compiled Java code, j=interpreted, Vv=VM code, C=native code)
V  [jvm.dll+0x32b57a]
V  [jvm.dll+0x279873]
V  [jvm.dll+0x27a509]
V  [jvm.dll+0x271825]
V  [jvm.dll+0xcb9e2]
V  [jvm.dll+0xcbeac]
V  [jvm.dll+0x476ef2]
V  [jvm.dll+0x4b955f]
V  [jvm.dll+0x46bf81]
V  [jvm.dll+0x46ccbe]
V  [jvm.dll+0x4500f2]
V  [jvm.dll+0xa4352]
V  [jvm.dll+0xa4c8f]
V  [jvm.dll+0x241984]
V  [jvm.dll+0x29853a]
C  [msvcr100.dll+0x21d9f]
C  [msvcr100.dll+0x21e3b]
C  [KERNEL32.DLL+0x8364]
C  [ntdll.dll+0x65e91]


Current CompileTask:
C2:   8950 1219       4       com.android.dx.ssa.SCCP::simulateStmt (481 bytes)


---------------  P R O C E S S  ---------------

Java Threads: ( => current thread )
  0x0000000002cf3000 JavaThread "DestroyJavaVM" [_thread_blocked, id=10532, stack(0x0000000002bf0000,0x0000000002cf0000)]
  0x000000001551d800 JavaThread "Service Thread" daemon [_thread_blocked, id=3156, stack(0x0000000017120000,0x0000000017220000)]
  0x0000000015518800 JavaThread "C1 CompilerThread2" daemon [_thread_in_native, id=10996, stack(0x0000000016c20000,0x0000000016d20000)]
=>0x000000001550e000 JavaThread "C2 CompilerThread1" daemon [_thread_in_native, id=10768, stack(0x0000000016b20000,0x0000000016c20000)]
  0x00000000154bc800 JavaThread "C2 CompilerThread0" daemon [_thread_in_native, id=7080, stack(0x0000000016a20000,0x0000000016b20000)]
  0x00000000154ba800 JavaThread "Attach Listener" daemon [_thread_blocked, id=7852, stack(0x0000000016920000,0x0000000016a20000)]
  0x00000000154b9800 JavaThread "Signal Dispatcher" daemon [_thread_blocked, id=5256, stack(0x0000000016820000,0x0000000016920000)]
  0x0000000002de0800 JavaThread "Finalizer" daemon [_thread_blocked, id=10476, stack(0x0000000016720000,0x0000000016820000)]
  0x0000000002ddd000 JavaThread "Reference Handler" daemon [_thread_blocked, id=11068, stack(0x0000000016620000,0x0000000016720000)]

Other Threads:
  0x0000000015488000 VMThread [stack: 0x0000000016520000,0x0000000016620000] [id=9876]
  0x000000001551e800 WatcherThread [stack: 0x0000000017220000,0x0000000017320000] [id=10408]

VM state:not at safepoint (normal execution)

VM Mutex/Monitor currently owned by a thread: None

Heap:
 PSYoungGen      total 74752K, used 68783K [0x00000000eab00000, 0x00000000efe00000, 0x0000000100000000)
  eden space 65536K, 94% used [0x00000000eab00000,0x00000000ee787a98,0x00000000eeb00000)
  from space 9216K, 73% used [0x00000000ef500000,0x00000000efba4378,0x00000000efe00000)
  to   space 9728K, 0% used [0x00000000eeb00000,0x00000000eeb00000,0x00000000ef480000)
 ParOldGen       total 44032K, used 19509K [0x00000000c0000000, 0x00000000c2b00000, 0x00000000eab00000)
  object space 44032K, 44% used [0x00000000c0000000,0x00000000c130d568,0x00000000c2b00000)
 Metaspace       used 6507K, capacity 7192K, committed 7424K, reserved 1056768K
  class space    used 665K, capacity 720K, committed 768K, reserved 1048576K

Card table byte_map: [0x00000000121b0000,0x00000000123c0000] byte_map_base: 0x0000000011bb0000

Marking Bits: (ParMarkBitMap*) 0x000000005b534040
 Begin Bits: [0x0000000012920000, 0x0000000013920000)
 End Bits:   [0x0000000013920000, 0x0000000014920000)

Polling page: 0x0000000002b50000

CodeCache: size=245760Kb used=4824Kb max_used=4824Kb free=240935Kb
 bounds [0x0000000002df0000, 0x00000000032b0000, 0x0000000011df0000]
 total_blobs=1513 nmethods=1237 adapters=189
 compilation: enabled

Compilation events (10 events):
Event: 3.455 Thread 0x0000000015518800 nmethod 1218 0x000000000327e3d0 code [0x000000000327e520, 0x000000000327e630]
Event: 3.455 Thread 0x00000000154bc800 1220       4       java.util.Collections$UnmodifiableCollection::iterator (9 bytes)
Event: 3.460 Thread 0x00000000154bc800 nmethod 1220 0x000000000327c7d0 code [0x000000000327c940, 0x000000000327cbf8]
Event: 3.475 Thread 0x0000000015518800 1221       3       com.android.dx.cf.code.Merger::mergeType (142 bytes)
Event: 3.477 Thread 0x0000000015518800 nmethod 1221 0x000000000328ead0 code [0x000000000328ed80, 0x0000000003290208]
Event: 3.478 Thread 0x0000000015518800 1222       3       com.android.dx.ssa.SsaConverter::edgeSplitSuccessors (98 bytes)
Event: 3.479 Thread 0x0000000015518800 nmethod 1222 0x0000000003290910 code [0x0000000003290b80, 0x00000000032919a8]
Event: 3.481 Thread 0x0000000015518800 1223       3       com.android.dx.rop.code.LocalVariableInfo::addAssignment (43 bytes)
Event: 3.482 Thread 0x0000000015518800 nmethod 1223 0x000000000327d510 code [0x000000000327d700, 0x000000000327dfe8]
Event: 3.483 Thread 0x00000000154bc800 1224   !   4       com.android.dx.cf.code.BytecodeArray::parseInstruction (2764 bytes)

GC Heap History (2 events):
Event: 2.891 GC heap before
{Heap before GC invocations=1 (full 0):
 PSYoungGen      total 18944K, used 16384K [0x00000000eab00000, 0x00000000ec000000, 0x0000000100000000)
  eden space 16384K, 100% used [0x00000000eab00000,0x00000000ebb00000,0x00000000ebb00000)
  from space 2560K, 0% used [0x00000000ebd80000,0x00000000ebd80000,0x00000000ec000000)
  to   space 2560K, 0% used [0x00000000ebb00000,0x00000000ebb00000,0x00000000ebd80000)
 ParOldGen       total 44032K, used 0K [0x00000000c0000000, 0x00000000c2b00000, 0x00000000eab00000)
  object space 44032K, 0% used [0x00000000c0000000,0x00000000c0000000,0x00000000c2b00000)
 Metaspace       used 5681K, capacity 6640K, committed 6784K, reserved 1056768K
  class space    used 587K, capacity 616K, committed 640K, reserved 1048576K
Event: 3.065 GC heap after
Heap after GC invocations=1 (full 0):
 PSYoungGen      total 18944K, used 2538K [0x00000000eab00000, 0x00000000ed000000, 0x0000000100000000)
  eden space 16384K, 0% used [0x00000000eab00000,0x00000000eab00000,0x00000000ebb00000)
  from space 2560K, 99% used [0x00000000ebb00000,0x00000000ebd7aaa8,0x00000000ebd80000)
  to   space 2560K, 0% used [0x00000000ecd80000,0x00000000ecd80000,0x00000000ed000000)
 ParOldGen       total 44032K, used 1438K [0x00000000c0000000, 0x00000000c2b00000, 0x00000000eab00000)
  object space 44032K, 3% used [0x00000000c0000000,0x00000000c0167978,0x00000000c2b00000)
 Metaspace       used 5681K, capacity 6640K, committed 6784K, reserved 1056768K
  class space    used 587K, capacity 616K, committed 640K, reserved 1048576K
}

Deoptimization events (10 events):
Event: 2.124 Thread 0x0000000016fea800 Uncommon trap: reason=unstable_if action=reinterpret pc=0x00000000030300b0 method=java.util.BitSet.nextSetBit(I)I @ 87
Event: 2.589 Thread 0x0000000016feb800 Uncommon trap: reason=class_check action=maybe_recompile pc=0x0000000003089b10 method=com.android.dx.ssa.NormalSsaInsn.accept(Lcom/android/dx/ssa/SsaInsn$Visitor;)V @ 9
Event: 2.589 Thread 0x0000000016feb800 Uncommon trap: reason=class_check action=maybe_recompile pc=0x0000000003089b10 method=com.android.dx.ssa.NormalSsaInsn.accept(Lcom/android/dx/ssa/SsaInsn$Visitor;)V @ 9
Event: 2.589 Thread 0x0000000016feb800 Uncommon trap: reason=class_check action=maybe_recompile pc=0x0000000003089b10 method=com.android.dx.ssa.NormalSsaInsn.accept(Lcom/android/dx/ssa/SsaInsn$Visitor;)V @ 9
Event: 2.590 Thread 0x0000000016feb800 Uncommon trap: reason=class_check action=maybe_recompile pc=0x0000000003089b10 method=com.android.dx.ssa.NormalSsaInsn.accept(Lcom/android/dx/ssa/SsaInsn$Visitor;)V @ 9
Event: 2.598 Thread 0x0000000016feb800 Uncommon trap: reason=class_check action=maybe_recompile pc=0x0000000003098224 method=com.android.dx.ssa.NormalSsaInsn.accept(Lcom/android/dx/ssa/SsaInsn$Visitor;)V @ 9
Event: 2.756 Thread 0x0000000002cf3000 Uncommon trap: reason=unstable_if action=reinterpret pc=0x000000000307a470 method=java.util.BitSet.ensureCapacity(I)V @ 6
Event: 3.096 Thread 0x0000000016f86800 Uncommon trap: reason=unstable_if action=reinterpret pc=0x0000000003078f74 method=java.util.BitSet.ensureCapacity(I)V @ 6
Event: 3.246 Thread 0x0000000016fe7000 Uncommon trap: reason=unstable_if action=reinterpret pc=0x00000000031035dc method=com.android.dx.rop.cst.Constant.compareTo(Lcom/android/dx/rop/cst/Constant;)I @ 12
Event: 3.443 Thread 0x0000000016feb800 Uncommon trap: reason=null_check action=make_not_entrant pc=0x000000000316ece4 method=com.android.dx.rop.type.Type.equals(Ljava/lang/Object;)Z @ 8

Internal exceptions (3 events):
Event: 0.723 Thread 0x0000000002cf3000 Exception <a 'java/lang/NoSuchMethodError': Method sun.misc.Unsafe.defineClass(Ljava/lang/String;[BII)Ljava/lang/Class; name or signature does not match> (0x00000000eab0d868) thrown at [C:\re\workspace\8-2-build-windows-amd64-cygwin\jdk8u45\3627\hotspot\srø«VÜ&ç?
Event: 0.723 Thread 0x0000000002cf3000 Exception <a 'java/lang/NoSuchMethodError': Method sun.misc.Unsafe.prefetchRead(Ljava/lang/Object;J)V name or signature does not match> (0x00000000eab0daf8) thrown at [C:\re\workspace\8-2-build-windows-amd64-cygwin\jdk8u45\3627\hotspot\src\share\vm\prims\j»[H·¶Š@
Event: 3.443 Thread 0x0000000016feb800 Implicit null exception at 0x000000000316ebe2 to 0x000000000316ecd5

Events (10 events):
Event: 3.246 Thread 0x0000000016fe7000 Uncommon trap: trap_request=0xffffff65 fr.pc=0x00000000031035dc
Event: 3.246 Thread 0x0000000016fe7000 DEOPT PACKING pc=0x00000000031035dc sp=0x000000001761e780
Event: 3.246 Thread 0x0000000016fe7000 DEOPT UNPACKING pc=0x0000000002e3582a sp=0x000000001761e720 mode 2
Event: 3.295 loading class com/android/dx/cf/attrib/AttRuntimeInvisibleParameterAnnotations
Event: 3.295 loading class com/android/dx/cf/attrib/AttRuntimeInvisibleParameterAnnotations done
Event: 3.295 loading class com/android/dx/cf/attrib/BaseParameterAnnotations
Event: 3.295 loading class com/android/dx/cf/attrib/BaseParameterAnnotations done
Event: 3.443 Thread 0x0000000016feb800 Uncommon trap: trap_request=0xfffffff4 fr.pc=0x000000000316ece4
Event: 3.443 Thread 0x0000000016feb800 DEOPT PACKING pc=0x000000000316ece4 sp=0x000000001781e250
Event: 3.443 Thread 0x0000000016feb800 DEOPT UNPACKING pc=0x0000000002e3582a sp=0x000000001781e1e8 mode 2


Dynamic libraries:
0x00007ff679600000 - 0x00007ff679637000 	C:\Program Files\Java\jdk1.8.0_45\bin\java.exe
0x00007ffc0bb40000 - 0x00007ffc0bd11000 	C:\WINDOWS\SYSTEM32\ntdll.dll
0x00007ffc09bf0000 - 0x00007ffc09c9b000 	C:\WINDOWS\System32\KERNEL32.DLL
0x00007ffc086c0000 - 0x00007ffc088dd000 	C:\WINDOWS\System32\KERNELBASE.dll
0x00007ffc09d60000 - 0x00007ffc09e02000 	C:\WINDOWS\System32\ADVAPI32.dll
0x00007ffc0ba40000 - 0x00007ffc0bade000 	C:\WINDOWS\System32\msvcrt.dll
0x00007ffc0bae0000 - 0x00007ffc0bb39000 	C:\WINDOWS\System32\sechost.dll
0x00007ffc09750000 - 0x00007ffc09871000 	C:\WINDOWS\System32\RPCRT4.dll
0x00007ffc0b8d0000 - 0x00007ffc0ba35000 	C:\WINDOWS\System32\USER32.dll
0x00007ffc088e0000 - 0x00007ffc088fe000 	C:\WINDOWS\System32\win32u.dll
0x00007ffc09690000 - 0x00007ffc096c4000 	C:\WINDOWS\System32\GDI32.dll
0x00007ffc08090000 - 0x00007ffc08212000 	C:\WINDOWS\System32\gdi32full.dll
0x00007ffbfcbf0000 - 0x00007ffbfce69000 	C:\WINDOWS\WinSxS\amd64_microsoft.windows.common-controls_6595b64144ccf1df_6.0.14393.447_none_42191651c6827bb3\COMCTL32.dll
0x00007ffc09920000 - 0x00007ffc09be7000 	C:\WINDOWS\System32\combase.dll
0x00007ffc084a0000 - 0x00007ffc08595000 	C:\WINDOWS\System32\ucrtbase.dll
0x00007ffc085a0000 - 0x00007ffc0860a000 	C:\WINDOWS\System32\bcryptPrimitives.dll
0x00007ffc0a190000 - 0x00007ffc0a1be000 	C:\WINDOWS\System32\IMM32.DLL
0x000000005a7d0000 - 0x000000005a8a2000 	C:\Program Files\Java\jdk1.8.0_45\jre\bin\msvcr100.dll
0x000000005ad30000 - 0x000000005b5b3000 	C:\Program Files\Java\jdk1.8.0_45\jre\bin\server\jvm.dll
0x00007ffc0a180000 - 0x00007ffc0a188000 	C:\WINDOWS\System32\PSAPI.DLL
0x00007ffc05a30000 - 0x00007ffc05a39000 	C:\WINDOWS\SYSTEM32\WSOCK32.dll
0x00007ffc09620000 - 0x00007ffc0968a000 	C:\WINDOWS\System32\WS2_32.dll
0x00007ffc00110000 - 0x00007ffc00133000 	C:\WINDOWS\SYSTEM32\WINMM.dll
0x00007ffc00e10000 - 0x00007ffc00e1a000 	C:\WINDOWS\SYSTEM32\VERSION.dll
0x00007ffbffc10000 - 0x00007ffbffc3b000 	C:\WINDOWS\SYSTEM32\WINMMBASE.dll
0x00007ffc089a0000 - 0x00007ffc089e2000 	C:\WINDOWS\System32\cfgmgr32.dll
0x000000005ca00000 - 0x000000005ca0f000 	C:\Program Files\Java\jdk1.8.0_45\jre\bin\verify.dll
0x000000005ad00000 - 0x000000005ad29000 	C:\Program Files\Java\jdk1.8.0_45\jre\bin\java.dll
0x000000005ace0000 - 0x000000005acf6000 	C:\Program Files\Java\jdk1.8.0_45\jre\bin\zip.dll
0x00007ffc0a1c0000 - 0x00007ffc0b6c9000 	C:\WINDOWS\System32\SHELL32.dll
0x00007ffc089f0000 - 0x00007ffc090ca000 	C:\WINDOWS\System32\windows.storage.dll
0x00007ffc07fb0000 - 0x00007ffc07ffc000 	C:\WINDOWS\System32\powrprof.dll
0x00007ffc09ca0000 - 0x00007ffc09cf2000 	C:\WINDOWS\System32\shlwapi.dll
0x00007ffc08020000 - 0x00007ffc0802f000 	C:\WINDOWS\System32\kernel.appcore.dll
0x00007ffc08220000 - 0x00007ffc082c9000 	C:\WINDOWS\System32\shcore.dll
0x00007ffc08000000 - 0x00007ffc08014000 	C:\WINDOWS\System32\profapi.dll
0x00007ffc02260000 - 0x00007ffc023f2000 	C:\WINDOWS\SYSTEM32\dbghelp.dll

VM Arguments:
jvm_args: -Djava.awt.headless=true -Xmx1024M -Dfile.encoding=windows-1252 -Duser.country=US -Duser.language=en -Duser.variant 
java_command: com.android.dx.command.Main --dex --force-jumbo --num-threads=4 --multi-dex --output E:\Projects\ShoppingApplication\app\build\intermediates\transforms\dex\debug\folders\1000\10\com.android.support-recyclerview-v7-23.4.0_893b5261fa0cf0ded557f3170c28217c64bbf532 E:\Projects\ShoppingApplication\app\build\intermediates\exploded-aar\com.android.support\recyclerview-v7\23.4.0\jars\classes.jar
java_class_path (initial): E:\Android\AndroidData\build-tools\23.0.3\lib\dx.jar
Launcher Type: SUN_STANDARD

Environment Variables:
JAVA_HOME=C:\Program Files\Java\jdk1.8.0_45
CLASSPATH=C:\oraclexe\app\oracle\product\10.2.0\server\jdbc\lib\ojdbc14.jar;
PATH=C:\ProgramData\Oracle\Java\javapath;C:\oraclexe\app\oracle\product\10.2.0\server\bin;C:\Program Files (x86)\Intel\iCLS Client\;C:\Program Files\Intel\iCLS Client\;C:\Windows\system32;C:\Windows;C:\Windows\System32\Wbem;C:\Windows\System32\WindowsPowerShell\v1.0\;C:\Program Files\Intel\Intel(R) Management Engine Components\DAL;C:\Program Files\Intel\Intel(R) Management Engine Components\IPT;C:\Program Files (x86)\Intel\Intel(R) Management Engine Components\DAL;C:\Program Files (x86)\Intel\Intel(R) Management Engine Components\IPT;C:\Program Files (x86)\Windows Live\Shared;C:\WINDOWS\system32;C:\WINDOWS;C:\WINDOWS\System32\Wbem;C:\WINDOWS\System32\WindowsPowerShell\v1.0\;C:\Program Files (x86)\NVIDIA Corporation\PhysX\Common;%SystemRoot%\system32;%SystemRoot%;%SystemRoot%\System32\Wbem;%SYSTEMROOT%\System32\WindowsPowerShell\v1.0\;C:\Program Files\Java\jdk1.8.0_45\bin;%USERPROFILE%\AppData\Local\Microsoft\WindowsApps;
USERNAME=Hkohli
OS=Windows_NT
PROCESSOR_IDENTIFIER=Intel64 Family 6 Model 60 Stepping 3, GenuineIntel



---------------  S Y S T E M  ---------------

OS: Windows 10.0 , 64 bit Build 14393 (10.0.14393.0)

CPU:total 4 (2 cores per cpu, 2 threads per core) family 6 model 60 stepping 3, cmov, cx8, fxsr, mmx, sse, sse2, sse3, ssse3, sse4.1, sse4.2, popcnt, avx, avx2, aes, clmul, erms, lzcnt, ht, tsc, tscinvbit, bmi1, bmi2

Memory: 4k page, physical 4129132k(378840k free), swap 6963744k(121288k free)

vm_info: Java HotSpot(TM) 64-Bit Server VM (25.45-b02) for windows-amd64 JRE (1.8.0_45-b15), built on Apr 30 2015 12:40:44 by "java_re" with MS VC++ 10.0 (VS2010)

time: Sat Jan 21 15:47:07 2017
elapsed time: 8 seconds (0d 0h 0m 8s)

