#
# There is insufficient memory for the Java Runtime Environment to continue.
# Native memory allocation (malloc) failed to allocate 1048576 bytes for AllocateHeap
# Possible reasons:
#   The system is out of physical RAM or swap space
#   In 32 bit mode, the process size limit was hit
# Possible solutions:
#   Reduce memory load on the system
#   Increase physical memory or swap space
#   Check if swap backing store is full
#   Use 64 bit Java on a 64 bit OS
#   Decrease Java heap size (-Xmx/-Xms)
#   Decrease number of Java threads
#   Decrease Java thread stack sizes (-Xss)
#   Set larger code cache with -XX:ReservedCodeCacheSize=
# This output file may be truncated or incomplete.
#
#  Out of Memory Error (memory/allocation.inline.hpp:61), pid=8616, tid=10460
#
# JRE version:  (8.0_45-b15) (build )
# Java VM: Java HotSpot(TM) 64-Bit Server VM (25.45-b02 mixed mode windows-amd64 compressed oops)
# Failed to write core dump. Minidumps are not enabled by default on client versions of Windows
#

---------------  T H R E A D  ---------------

Current thread (0x0000000002381000):  JavaThread "Unknown thread" [_thread_in_vm, id=10460, stack(0x0000000002280000,0x0000000002380000)]

Stack: [0x0000000002280000,0x0000000002380000]
Native frames: (J=compiled Java code, j=interpreted, Vv=VM code, C=native code)
V  [jvm.dll+0x32b57a]


---------------  P R O C E S S  ---------------

Java Threads: ( => current thread )

Other Threads:

=>0x0000000002381000 (exited) JavaThread "Unknown thread" [_thread_in_vm, id=10460, stack(0x0000000002280000,0x0000000002380000)]

VM state:not at safepoint (normal execution)

VM Mutex/Monitor currently owned by a thread: None

Heap:
 PSYoungGen      total 18944K, used 327K [0x00000000eab00000, 0x00000000ec000000, 0x0000000100000000)
  eden space 16384K, 2% used [0x00000000eab00000,0x00000000eab51ec8,0x00000000ebb00000)
  from space 2560K, 0% used [0x00000000ebd80000,0x00000000ebd80000,0x00000000ec000000)
  to   space 2560K, 0% used [0x00000000ebb00000,0x00000000ebb00000,0x00000000ebd80000)
 ParOldGen       total 44032K, used 0K [0x00000000c0000000, 0x00000000c2b00000, 0x00000000eab00000)
  object space 44032K, 0% used [0x00000000c0000000,0x00000000c0000000,0x00000000c2b00000)
 Metaspace       used 766K, capacity 4480K, committed 4480K, reserved 1056768K
  class space    used 75K, capacity 384K, committed 384K, reserved 1048576K

Card table byte_map: [0x0000000011840000,0x0000000011a50000] byte_map_base: 0x0000000011240000

Marking Bits: (ParMarkBitMap*) 0x000000005b534040
 Begin Bits: [0x0000000011fb0000, 0x0000000012fb0000)
 End Bits:   [0x0000000012fb0000, 0x0000000013fb0000)

Polling page: 0x00000000007f0000

CodeCache: size=245760Kb used=328Kb max_used=328Kb free=245431Kb
 bounds [0x0000000002480000, 0x00000000026f0000, 0x0000000011480000]
 total_blobs=57 nmethods=0 adapters=37
 compilation: enabled

Compilation events (0 events):
No events

GC Heap History (0 events):
No events

Deoptimization events (0 events):
No events

Internal exceptions (0 events):
No events

Events (10 events):
Event: 0.041 loading class java/lang/Short
Event: 0.041 loading class java/lang/Short done
Event: 0.041 loading class java/lang/Integer
Event: 0.041 loading class java/lang/Integer done
Event: 0.041 loading class java/lang/Long
Event: 0.041 loading class java/lang/Long done
Event: 0.042 loading class java/lang/NullPointerException
Event: 0.042 loading class java/lang/NullPointerException done
Event: 0.042 loading class java/lang/ArithmeticException
Event: 0.043 loading class java/lang/ArithmeticException done


Dynamic libraries:
0x00007ff679600000 - 0x00007ff679637000 	C:\Program Files\Java\jdk1.8.0_45\bin\java.exe
0x00007ffc0bb40000 - 0x00007ffc0bd11000 	C:\WINDOWS\SYSTEM32\ntdll.dll
0x00007ffc09bf0000 - 0x00007ffc09c9b000 	C:\WINDOWS\System32\KERNEL32.DLL
0x00007ffc086c0000 - 0x00007ffc088dd000 	C:\WINDOWS\System32\KERNELBASE.dll
0x00007ffc09d60000 - 0x00007ffc09e02000 	C:\WINDOWS\System32\ADVAPI32.dll
0x00007ffc0ba40000 - 0x00007ffc0bade000 	C:\WINDOWS\System32\msvcrt.dll
0x00007ffc0bae0000 - 0x00007ffc0bb39000 	C:\WINDOWS\System32\sechost.dll
0x00007ffc09750000 - 0x00007ffc09871000 	C:\WINDOWS\System32\RPCRT4.dll
0x00007ffc0b8d0000 - 0x00007ffc0ba35000 	C:\WINDOWS\System32\USER32.dll
0x00007ffc088e0000 - 0x00007ffc088fe000 	C:\WINDOWS\System32\win32u.dll
0x00007ffc09690000 - 0x00007ffc096c4000 	C:\WINDOWS\System32\GDI32.dll
0x00007ffc08090000 - 0x00007ffc08212000 	C:\WINDOWS\System32\gdi32full.dll
0x00007ffbfcbf0000 - 0x00007ffbfce69000 	C:\WINDOWS\WinSxS\amd64_microsoft.windows.common-controls_6595b64144ccf1df_6.0.14393.447_none_42191651c6827bb3\COMCTL32.dll
0x00007ffc09920000 - 0x00007ffc09be7000 	C:\WINDOWS\System32\combase.dll
0x00007ffc084a0000 - 0x00007ffc08595000 	C:\WINDOWS\System32\ucrtbase.dll
0x00007ffc085a0000 - 0x00007ffc0860a000 	C:\WINDOWS\System32\bcryptPrimitives.dll
0x00007ffc0a190000 - 0x00007ffc0a1be000 	C:\WINDOWS\System32\IMM32.DLL
0x000000005a7d0000 - 0x000000005a8a2000 	C:\Program Files\Java\jdk1.8.0_45\jre\bin\msvcr100.dll
0x000000005ad30000 - 0x000000005b5b3000 	C:\Program Files\Java\jdk1.8.0_45\jre\bin\server\jvm.dll
0x00007ffc0a180000 - 0x00007ffc0a188000 	C:\WINDOWS\System32\PSAPI.DLL
0x00007ffc05a30000 - 0x00007ffc05a39000 	C:\WINDOWS\SYSTEM32\WSOCK32.dll
0x00007ffc09620000 - 0x00007ffc0968a000 	C:\WINDOWS\System32\WS2_32.dll
0x00007ffc00110000 - 0x00007ffc00133000 	C:\WINDOWS\SYSTEM32\WINMM.dll
0x00007ffc00e10000 - 0x00007ffc00e1a000 	C:\WINDOWS\SYSTEM32\VERSION.dll
0x00007ffbffc10000 - 0x00007ffbffc3b000 	C:\WINDOWS\SYSTEM32\WINMMBASE.dll
0x00007ffc089a0000 - 0x00007ffc089e2000 	C:\WINDOWS\System32\cfgmgr32.dll
0x000000005ca00000 - 0x000000005ca0f000 	C:\Program Files\Java\jdk1.8.0_45\jre\bin\verify.dll
0x000000005ad00000 - 0x000000005ad29000 	C:\Program Files\Java\jdk1.8.0_45\jre\bin\java.dll
0x000000005ace0000 - 0x000000005acf6000 	C:\Program Files\Java\jdk1.8.0_45\jre\bin\zip.dll

VM Arguments:
jvm_args: -Djava.awt.headless=true -Xmx1024M -Dfile.encoding=windows-1252 -Duser.country=US -Duser.language=en -Duser.variant 
java_command: com.android.dx.command.Main --dex --force-jumbo --num-threads=4 --multi-dex --output E:\Projects\ShoppingApplication\app\build\intermediates\transforms\dex\debug\folders\1000\5\slice_9 E:\Projects\ShoppingApplication\app\build\intermediates\transforms\instantRunSlicer\debug\folders\1\5\slice_9
java_class_path (initial): E:\Android\AndroidData\build-tools\23.0.3\lib\dx.jar
Launcher Type: SUN_STANDARD

Environment Variables:
JAVA_HOME=C:\Program Files\Java\jdk1.8.0_45
CLASSPATH=C:\oraclexe\app\oracle\product\10.2.0\server\jdbc\lib\ojdbc14.jar;
PATH=C:\ProgramData\Oracle\Java\javapath;C:\oraclexe\app\oracle\product\10.2.0\server\bin;C:\Program Files (x86)\Intel\iCLS Client\;C:\Program Files\Intel\iCLS Client\;C:\Windows\system32;C:\Windows;C:\Windows\System32\Wbem;C:\Windows\System32\WindowsPowerShell\v1.0\;C:\Program Files\Intel\Intel(R) Management Engine Components\DAL;C:\Program Files\Intel\Intel(R) Management Engine Components\IPT;C:\Program Files (x86)\Intel\Intel(R) Management Engine Components\DAL;C:\Program Files (x86)\Intel\Intel(R) Management Engine Components\IPT;C:\Program Files (x86)\Windows Live\Shared;C:\WINDOWS\system32;C:\WINDOWS;C:\WINDOWS\System32\Wbem;C:\WINDOWS\System32\WindowsPowerShell\v1.0\;C:\Program Files (x86)\NVIDIA Corporation\PhysX\Common;%SystemRoot%\system32;%SystemRoot%;%SystemRoot%\System32\Wbem;%SYSTEMROOT%\System32\WindowsPowerShell\v1.0\;C:\Program Files\Java\jdk1.8.0_45\bin;%USERPROFILE%\AppData\Local\Microsoft\WindowsApps;
USERNAME=Hkohli
OS=Windows_NT
PROCESSOR_IDENTIFIER=Intel64 Family 6 Model 60 Stepping 3, GenuineIntel



---------------  S Y S T E M  ---------------

OS: Windows 10.0 , 64 bit Build 14393 (10.0.14393.0)

CPU:total 4 (2 cores per cpu, 2 threads per core) family 6 model 60 stepping 3, cmov, cx8, fxsr, mmx, sse, sse2, sse3, ssse3, sse4.1, sse4.2, popcnt, avx, avx2, aes, clmul, erms, lzcnt, ht, tsc, tscinvbit, bmi1, bmi2

Memory: 4k page, physical 4129132k(373284k free), swap 6963620k(7132k free)

vm_info: Java HotSpot(TM) 64-Bit Server VM (25.45-b02) for windows-amd64 JRE (1.8.0_45-b15), built on Apr 30 2015 12:40:44 by "java_re" with MS VC++ 10.0 (VS2010)

time: Sat Jan 21 15:47:07 2017
elapsed time: 0 seconds (0d 0h 0m 0s)

