#
# There is insufficient memory for the Java Runtime Environment to continue.
# Native memory allocation (malloc) failed to allocate 1218416 bytes for Chunk::new
# Possible reasons:
#   The system is out of physical RAM or swap space
#   In 32 bit mode, the process size limit was hit
# Possible solutions:
#   Reduce memory load on the system
#   Increase physical memory or swap space
#   Check if swap backing store is full
#   Use 64 bit Java on a 64 bit OS
#   Decrease Java heap size (-Xmx/-Xms)
#   Decrease number of Java threads
#   Decrease Java thread stack sizes (-Xss)
#   Set larger code cache with -XX:ReservedCodeCacheSize=
# This output file may be truncated or incomplete.
#
#  Out of Memory Error (allocation.cpp:390), pid=6616, tid=10460
#
# JRE version: Java(TM) SE Runtime Environment (8.0_45-b15) (build 1.8.0_45-b15)
# Java VM: Java HotSpot(TM) 64-Bit Server VM (25.45-b02 mixed mode windows-amd64 compressed oops)
# Failed to write core dump. Minidumps are not enabled by default on client versions of Windows
#

---------------  T H R E A D  ---------------

Current thread (0x0000000014acc800):  JavaThread "C2 CompilerThread0" daemon [_thread_in_native, id=10460, stack(0x0000000016030000,0x0000000016130000)]

Stack: [0x0000000016030000,0x0000000016130000]
Native frames: (J=compiled Java code, j=interpreted, Vv=VM code, C=native code)
V  [jvm.dll+0x32b57a]
V  [jvm.dll+0x279873]
V  [jvm.dll+0x27a509]
V  [jvm.dll+0x271825]
V  [jvm.dll+0xcb9e2]
V  [jvm.dll+0xcbeac]
V  [jvm.dll+0x49298c]
V  [jvm.dll+0x45f6ff]
V  [jvm.dll+0x46a73b]
V  [jvm.dll+0x46cd52]
V  [jvm.dll+0x4500f2]
V  [jvm.dll+0xa4352]
V  [jvm.dll+0xa4c8f]
V  [jvm.dll+0x241984]
V  [jvm.dll+0x29853a]
C  [msvcr100.dll+0x21d9f]
C  [msvcr100.dll+0x21e3b]
C  [KERNEL32.DLL+0x8364]
C  [ntdll.dll+0x65e91]


Current CompileTask:
C2:   6356 1590       4       com.android.dx.cf.code.Simulator$SimVisitor::visitConstant (332 bytes)


---------------  P R O C E S S  ---------------

Java Threads: ( => current thread )
  0x0000000016572000 JavaThread "pool-2-thread-4" [_thread_in_Java, id=10772, stack(0x0000000016d30000,0x0000000016e30000)]
  0x0000000016571000 JavaThread "pool-2-thread-3" [_thread_in_Java, id=10956, stack(0x0000000016c30000,0x0000000016d30000)]
  0x000000001656f000 JavaThread "pool-2-thread-2" [_thread_in_Java, id=10664, stack(0x0000000016b30000,0x0000000016c30000)]
  0x00000000164d9000 JavaThread "pool-3-thread-1" [_thread_blocked, id=10432, stack(0x0000000016a30000,0x0000000016b30000)]
  0x00000000164d6800 JavaThread "pool-2-thread-1" [_thread_in_Java, id=10964, stack(0x0000000016930000,0x0000000016a30000)]
  0x0000000016335800 JavaThread "Service Thread" daemon [_thread_blocked, id=10420, stack(0x0000000016730000,0x0000000016830000)]
  0x0000000014b2c000 JavaThread "C1 CompilerThread2" daemon [_thread_blocked, id=10368, stack(0x0000000016230000,0x0000000016330000)]
  0x0000000014ad0000 JavaThread "C2 CompilerThread1" daemon [_thread_in_native, id=10376, stack(0x0000000016130000,0x0000000016230000)]
=>0x0000000014acc800 JavaThread "C2 CompilerThread0" daemon [_thread_in_native, id=10460, stack(0x0000000016030000,0x0000000016130000)]
  0x0000000014acb000 JavaThread "Attach Listener" daemon [_thread_blocked, id=7064, stack(0x0000000015f30000,0x0000000016030000)]
  0x0000000014ac9800 JavaThread "Signal Dispatcher" daemon [_thread_blocked, id=10360, stack(0x0000000015e30000,0x0000000015f30000)]
  0x00000000023f6000 JavaThread "Finalizer" daemon [_thread_blocked, id=6356, stack(0x0000000015d30000,0x0000000015e30000)]
  0x00000000023ed000 JavaThread "Reference Handler" daemon [_thread_blocked, id=7076, stack(0x0000000015c30000,0x0000000015d30000)]
  0x0000000002301000 JavaThread "main" [_thread_in_Java, id=7080, stack(0x0000000002200000,0x0000000002300000)]

Other Threads:
  0x0000000014a98000 VMThread [stack: 0x0000000015b30000,0x0000000015c30000] [id=10828]
  0x0000000016336800 WatcherThread [stack: 0x0000000016830000,0x0000000016930000] [id=10628]

VM state:not at safepoint (normal execution)

VM Mutex/Monitor currently owned by a thread: None

Heap:
 PSYoungGen      total 68096K, used 38915K [0x00000000eab00000, 0x00000000ef000000, 0x0000000100000000)
  eden space 65536K, 59% used [0x00000000eab00000,0x00000000ed100e10,0x00000000eeb00000)
  from space 2560K, 0% used [0x00000000eeb00000,0x00000000eeb00000,0x00000000eed80000)
  to   space 2560K, 0% used [0x00000000eed80000,0x00000000eed80000,0x00000000ef000000)
 ParOldGen       total 52224K, used 45848K [0x00000000c0000000, 0x00000000c3300000, 0x00000000eab00000)
  object space 52224K, 87% used [0x00000000c0000000,0x00000000c2cc6358,0x00000000c3300000)
 Metaspace       used 6032K, capacity 7024K, committed 7296K, reserved 1056768K
  class space    used 588K, capacity 616K, committed 640K, reserved 1048576K

Card table byte_map: [0x00000000117c0000,0x00000000119d0000] byte_map_base: 0x00000000111c0000

Marking Bits: (ParMarkBitMap*) 0x000000005b534040
 Begin Bits: [0x0000000011f30000, 0x0000000012f30000)
 End Bits:   [0x0000000012f30000, 0x0000000013f30000)

Polling page: 0x0000000002090000

CodeCache: size=245760Kb used=7001Kb max_used=7001Kb free=238758Kb
 bounds [0x0000000002400000, 0x0000000002ae0000, 0x0000000011400000]
 total_blobs=1922 nmethods=1653 adapters=182
 compilation: enabled

Compilation events (10 events):
Event: 5.674 Thread 0x0000000014b2c000 1635       2       com.android.dx.ssa.back.SsaToRop$PhiVisitor::visitPhiInsn (67 bytes)
Event: 5.675 Thread 0x0000000014b2c000 nmethod 1635 0x0000000002a95e50 code [0x0000000002a96040, 0x0000000002a965e8]
Event: 5.713 Thread 0x0000000014b2c000 1637 %     3       com.android.dx.util.FixedSizeList::shrinkToFit @ 10 (103 bytes)
Event: 5.714 Thread 0x0000000014b2c000 nmethod 1637% 0x0000000002a96f50 code [0x0000000002a97120, 0x0000000002a97a48]
Event: 5.714 Thread 0x0000000014b2c000 1638       3       com.android.dx.util.FixedSizeList::shrinkToFit (103 bytes)
Event: 5.715 Thread 0x0000000014b2c000 nmethod 1638 0x0000000002a97f10 code [0x0000000002a980c0, 0x0000000002a98948]
Event: 5.715 Thread 0x0000000014b2c000 1639 %     3       com.android.dx.util.LabeledList::rebuildLabelToIndex @ 7 (46 bytes)
Event: 5.715 Thread 0x0000000014b2c000 nmethod 1639% 0x0000000002a98c90 code [0x0000000002a98e40, 0x0000000002a99508]
Event: 5.715 Thread 0x0000000014b2c000 1640       3       com.android.dx.util.LabeledList::rebuildLabelToIndex (46 bytes)
Event: 5.716 Thread 0x0000000014b2c000 nmethod 1640 0x0000000002a99750 code [0x0000000002a99900, 0x0000000002a99f88]

GC Heap History (10 events):
Event: 2.059 GC heap before
{Heap before GC invocations=2 (full 0):
 PSYoungGen      total 18944K, used 18940K [0x00000000eab00000, 0x00000000ed000000, 0x0000000100000000)
  eden space 16384K, 100% used [0x00000000eab00000,0x00000000ebb00000,0x00000000ebb00000)
  from space 2560K, 99% used [0x00000000ebb00000,0x00000000ebd7f0d0,0x00000000ebd80000)
  to   space 2560K, 0% used [0x00000000ecd80000,0x00000000ecd80000,0x00000000ed000000)
 ParOldGen       total 44032K, used 2025K [0x00000000c0000000, 0x00000000c2b00000, 0x00000000eab00000)
  object space 44032K, 4% used [0x00000000c0000000,0x00000000c01fa5e8,0x00000000c2b00000)
 Metaspace       used 5826K, capacity 6896K, committed 7040K, reserved 1056768K
  class space    used 585K, capacity 616K, committed 640K, reserved 1048576K
Event: 2.072 GC heap after
Heap after GC invocations=2 (full 0):
 PSYoungGen      total 35328K, used 2546K [0x00000000eab00000, 0x00000000ed000000, 0x0000000100000000)
  eden space 32768K, 0% used [0x00000000eab00000,0x00000000eab00000,0x00000000ecb00000)
  from space 2560K, 99% used [0x00000000ecd80000,0x00000000ecffc9e0,0x00000000ed000000)
  to   space 2560K, 0% used [0x00000000ecb00000,0x00000000ecb00000,0x00000000ecd80000)
 ParOldGen       total 44032K, used 5027K [0x00000000c0000000, 0x00000000c2b00000, 0x00000000eab00000)
  object space 44032K, 11% used [0x00000000c0000000,0x00000000c04e8ea8,0x00000000c2b00000)
 Metaspace       used 5826K, capacity 6896K, committed 7040K, reserved 1056768K
  class space    used 585K, capacity 616K, committed 640K, reserved 1048576K
}
Event: 3.215 GC heap before
{Heap before GC invocations=3 (full 0):
 PSYoungGen      total 35328K, used 35314K [0x00000000eab00000, 0x00000000ed000000, 0x0000000100000000)
  eden space 32768K, 100% used [0x00000000eab00000,0x00000000ecb00000,0x00000000ecb00000)
  from space 2560K, 99% used [0x00000000ecd80000,0x00000000ecffc9e0,0x00000000ed000000)
  to   space 2560K, 0% used [0x00000000ecb00000,0x00000000ecb00000,0x00000000ecd80000)
 ParOldGen       total 44032K, used 5027K [0x00000000c0000000, 0x00000000c2b00000, 0x00000000eab00000)
  object space 44032K, 11% used [0x00000000c0000000,0x00000000c04e8ea8,0x00000000c2b00000)
 Metaspace       used 5925K, capacity 6960K, committed 7040K, reserved 1056768K
  class space    used 587K, capacity 616K, committed 640K, reserved 1048576K
Event: 3.391 GC heap after
Heap after GC invocations=3 (full 0):
 PSYoungGen      total 35328K, used 2546K [0x00000000eab00000, 0x00000000ef000000, 0x0000000100000000)
  eden space 32768K, 0% used [0x00000000eab00000,0x00000000eab00000,0x00000000ecb00000)
  from space 2560K, 99% used [0x00000000ecb00000,0x00000000ecd7c9f0,0x00000000ecd80000)
  to   space 2560K, 0% used [0x00000000eed80000,0x00000000eed80000,0x00000000ef000000)
 ParOldGen       total 44032K, used 15611K [0x00000000c0000000, 0x00000000c2b00000, 0x00000000eab00000)
  object space 44032K, 35% used [0x00000000c0000000,0x00000000c0f3ef10,0x00000000c2b00000)
 Metaspace       used 5925K, capacity 6960K, committed 7040K, reserved 1056768K
  class space    used 587K, capacity 616K, committed 640K, reserved 1048576K
}
Event: 4.009 GC heap before
{Heap before GC invocations=4 (full 0):
 PSYoungGen      total 35328K, used 35314K [0x00000000eab00000, 0x00000000ef000000, 0x0000000100000000)
  eden space 32768K, 100% used [0x00000000eab00000,0x00000000ecb00000,0x00000000ecb00000)
  from space 2560K, 99% used [0x00000000ecb00000,0x00000000ecd7c9f0,0x00000000ecd80000)
  to   space 2560K, 0% used [0x00000000eed80000,0x00000000eed80000,0x00000000ef000000)
 ParOldGen       total 44032K, used 15611K [0x00000000c0000000, 0x00000000c2b00000, 0x00000000eab00000)
  object space 44032K, 35% used [0x00000000c0000000,0x00000000c0f3ef10,0x00000000c2b00000)
 Metaspace       used 5936K, capacity 6960K, committed 7040K, reserved 1056768K
  class space    used 588K, capacity 616K, committed 640K, reserved 1048576K
Event: 4.059 GC heap after
Heap after GC invocations=4 (full 0):
 PSYoungGen      total 68096K, used 2530K [0x00000000eab00000, 0x00000000ef000000, 0x0000000100000000)
  eden space 65536K, 0% used [0x00000000eab00000,0x00000000eab00000,0x00000000eeb00000)
  from space 2560K, 98% used [0x00000000eed80000,0x00000000eeff8ae0,0x00000000ef000000)
  to   space 2560K, 0% used [0x00000000eeb00000,0x00000000eeb00000,0x00000000eed80000)
 ParOldGen       total 44032K, used 27084K [0x00000000c0000000, 0x00000000c2b00000, 0x00000000eab00000)
  object space 44032K, 61% used [0x00000000c0000000,0x00000000c1a73158,0x00000000c2b00000)
 Metaspace       used 5936K, capacity 6960K, committed 7040K, reserved 1056768K
  class space    used 588K, capacity 616K, committed 640K, reserved 1048576K
}
Event: 5.066 GC heap before
{Heap before GC invocations=5 (full 0):
 PSYoungGen      total 68096K, used 68066K [0x00000000eab00000, 0x00000000ef000000, 0x0000000100000000)
  eden space 65536K, 100% used [0x00000000eab00000,0x00000000eeb00000,0x00000000eeb00000)
  from space 2560K, 98% used [0x00000000eed80000,0x00000000eeff8ae0,0x00000000ef000000)
  to   space 2560K, 0% used [0x00000000eeb00000,0x00000000eeb00000,0x00000000eed80000)
 ParOldGen       total 44032K, used 27084K [0x00000000c0000000, 0x00000000c2b00000, 0x00000000eab00000)
  object space 44032K, 61% used [0x00000000c0000000,0x00000000c1a73158,0x00000000c2b00000)
 Metaspace       used 5954K, capacity 6960K, committed 7040K, reserved 1056768K
  class space    used 588K, capacity 616K, committed 640K, reserved 1048576K
Event: 5.184 GC heap after
Heap after GC invocations=5 (full 0):
 PSYoungGen      total 68096K, used 2530K [0x00000000eab00000, 0x00000000ef000000, 0x0000000100000000)
  eden space 65536K, 0% used [0x00000000eab00000,0x00000000eab00000,0x00000000eeb00000)
  from space 2560K, 98% used [0x00000000eeb00000,0x00000000eed78ae0,0x00000000eed80000)
  to   space 2560K, 0% used [0x00000000eed80000,0x00000000eed80000,0x00000000ef000000)
 ParOldGen       total 52224K, used 51283K [0x00000000c0000000, 0x00000000c3300000, 0x00000000eab00000)
  object space 52224K, 98% used [0x00000000c0000000,0x00000000c3214f90,0x00000000c3300000)
 Metaspace       used 5954K, capacity 6960K, committed 7040K, reserved 1056768K
  class space    used 588K, capacity 616K, committed 640K, reserved 1048576K
}
Event: 5.184 GC heap before
{Heap before GC invocations=6 (full 1):
 PSYoungGen      total 68096K, used 2530K [0x00000000eab00000, 0x00000000ef000000, 0x0000000100000000)
  eden space 65536K, 0% used [0x00000000eab00000,0x00000000eab00000,0x00000000eeb00000)
  from space 2560K, 98% used [0x00000000eeb00000,0x00000000eed78ae0,0x00000000eed80000)
  to   space 2560K, 0% used [0x00000000eed80000,0x00000000eed80000,0x00000000ef000000)
 ParOldGen       total 52224K, used 51283K [0x00000000c0000000, 0x00000000c3300000, 0x00000000eab00000)
  object space 52224K, 98% used [0x00000000c0000000,0x00000000c3214f90,0x00000000c3300000)
 Metaspace       used 5954K, capacity 6960K, committed 7040K, reserved 1056768K
  class space    used 588K, capacity 616K, committed 640K, reserved 1048576K
Event: 5.623 GC heap after
Heap after GC invocations=6 (full 1):
 PSYoungGen      total 68096K, used 0K [0x00000000eab00000, 0x00000000ef000000, 0x0000000100000000)
  eden space 65536K, 0% used [0x00000000eab00000,0x00000000eab00000,0x00000000eeb00000)
  from space 2560K, 0% used [0x00000000eeb00000,0x00000000eeb00000,0x00000000eed80000)
  to   space 2560K, 0% used [0x00000000eed80000,0x00000000eed80000,0x00000000ef000000)
 ParOldGen       total 52224K, used 46551K [0x00000000c0000000, 0x00000000c3300000, 0x00000000eab00000)
  object space 52224K, 89% used [0x00000000c0000000,0x00000000c2d75f48,0x00000000c3300000)
 Metaspace       used 5954K, capacity 6960K, committed 7040K, reserved 1056768K
  class space    used 588K, capacity 616K, committed 640K, reserved 1048576K
}

Deoptimization events (10 events):
Event: 3.406 Thread 0x0000000002301000 Uncommon trap: reason=unstable_if action=reinterpret pc=0x00000000028229cc method=com.android.dx.rop.code.RegisterSpec.equals(ILcom/android/dx/rop/type/TypeBearer;Lcom/android/dx/rop/code/LocalItem;)Z @ 16
Event: 3.413 Thread 0x00000000164d6800 Uncommon trap: reason=bimorphic action=maybe_recompile pc=0x0000000002992ab8 method=com.android.dx.rop.code.Rops.opMoveResultPseudo(Lcom/android/dx/rop/type/TypeBearer;)Lcom/android/dx/rop/code/Rop; @ 7
Event: 3.777 Thread 0x0000000016571000 Uncommon trap: reason=bimorphic action=maybe_recompile pc=0x00000000029da744 method=com.android.dx.ssa.LiteralOpUpgrader.tryReplacingWithConstant(Lcom/android/dx/ssa/NormalSsaInsn;)Z @ 52
Event: 4.176 Thread 0x000000001656f000 Uncommon trap: reason=class_check action=maybe_recompile pc=0x00000000029dabf4 method=com.android.dx.rop.code.DexTranslationAdvice.hasConstantOperation(Lcom/android/dx/rop/code/Rop;Lcom/android/dx/rop/code/RegisterSpec;Lcom/android/dx/rop/code/RegisterSpec
Event: 4.332 Thread 0x0000000016572000 Uncommon trap: reason=class_check action=maybe_recompile pc=0x0000000002887884 method=com.android.dx.ssa.NormalSsaInsn.accept(Lcom/android/dx/ssa/SsaInsn$Visitor;)V @ 9
Event: 4.332 Thread 0x0000000016572000 Uncommon trap: reason=class_check action=maybe_recompile pc=0x0000000002887884 method=com.android.dx.ssa.NormalSsaInsn.accept(Lcom/android/dx/ssa/SsaInsn$Visitor;)V @ 9
Event: 4.333 Thread 0x0000000016572000 Uncommon trap: reason=class_check action=maybe_recompile pc=0x0000000002887884 method=com.android.dx.ssa.NormalSsaInsn.accept(Lcom/android/dx/ssa/SsaInsn$Visitor;)V @ 9
Event: 5.643 Thread 0x0000000016572000 Uncommon trap: reason=class_check action=maybe_recompile pc=0x00000000029dabf4 method=com.android.dx.rop.code.DexTranslationAdvice.hasConstantOperation(Lcom/android/dx/rop/code/Rop;Lcom/android/dx/rop/code/RegisterSpec;Lcom/android/dx/rop/code/RegisterSpec¾tŠÊá”@
Event: 5.645 Thread 0x0000000016572000 Uncommon trap: reason=class_check action=maybe_recompile pc=0x00000000029dabf4 method=com.android.dx.rop.code.DexTranslationAdvice.hasConstantOperation(Lcom/android/dx/rop/code/Rop;Lcom/android/dx/rop/code/RegisterSpec;Lcom/android/dx/rop/code/RegisterSpec²Åš@
Event: 5.651 Thread 0x0000000016572000 Uncommon trap: reason=class_check action=maybe_recompile pc=0x00000000029dabf4 method=com.android.dx.rop.code.DexTranslationAdvice.hasConstantOperation(Lcom/android/dx/rop/code/Rop;Lcom/android/dx/rop/code/RegisterSpec;Lcom/android/dx/rop/code/RegisterSpecTTXC@@

Internal exceptions (3 events):
Event: 0.057 Thread 0x0000000002301000 Exception <a 'java/lang/NoSuchMethodError': Method sun.misc.Unsafe.defineClass(Ljava/lang/String;[BII)Ljava/lang/Class; name or signature does not match> (0x00000000eab0d628) thrown at [C:\re\workspace\8-2-build-windows-amd64-cygwin\jdk8u45\3627\hotspot\srP=ÚËñ!­?
Event: 0.057 Thread 0x0000000002301000 Exception <a 'java/lang/NoSuchMethodError': Method sun.misc.Unsafe.prefetchRead(Ljava/lang/Object;J)V name or signature does not match> (0x00000000eab0d8b8) thrown at [C:\re\workspace\8-2-build-windows-amd64-cygwin\jdk8u45\3627\hotspot\src\share\vm\prims\jSr˜ïÀüù?
Event: 1.624 Thread 0x0000000016571000 Implicit null exception at 0x00000000026fe8fc to 0x00000000027003f9

Events (10 events):
Event: 5.670 Thread 0x00000000164d6800 DEOPT PACKING pc=0x0000000002797eb8 sp=0x0000000016a2e400
Event: 5.670 Thread 0x00000000164d6800 DEOPT UNPACKING pc=0x000000000244787f sp=0x0000000016a2e128 mode 0
Event: 5.671 Thread 0x00000000164d6800 DEOPT PACKING pc=0x0000000002797eb8 sp=0x0000000016a2e610
Event: 5.671 Thread 0x00000000164d6800 DEOPT UNPACKING pc=0x000000000244787f sp=0x0000000016a2e338 mode 0
Event: 5.671 Thread 0x00000000164d6800 DEOPT PACKING pc=0x0000000002797eb8 sp=0x0000000016a2e610
Event: 5.671 Thread 0x00000000164d6800 DEOPT UNPACKING pc=0x000000000244787f sp=0x0000000016a2e338 mode 0
Event: 5.715 Thread 0x00000000164d6800 DEOPT PACKING pc=0x000000000297831c sp=0x0000000016a2e8a0
Event: 5.715 Thread 0x00000000164d6800 DEOPT UNPACKING pc=0x000000000244787f sp=0x0000000016a2e5c8 mode 0
Event: 5.716 Thread 0x00000000164d6800 DEOPT PACKING pc=0x000000000297bd85 sp=0x0000000016a2e8b0
Event: 5.716 Thread 0x00000000164d6800 DEOPT UNPACKING pc=0x000000000244787f sp=0x0000000016a2e5e0 mode 0


Dynamic libraries:
0x00007ff679600000 - 0x00007ff679637000 	C:\Program Files\Java\jdk1.8.0_45\bin\java.exe
0x00007ffc0bb40000 - 0x00007ffc0bd11000 	C:\WINDOWS\SYSTEM32\ntdll.dll
0x00007ffc09bf0000 - 0x00007ffc09c9b000 	C:\WINDOWS\System32\KERNEL32.DLL
0x00007ffc086c0000 - 0x00007ffc088dd000 	C:\WINDOWS\System32\KERNELBASE.dll
0x00007ffc09d60000 - 0x00007ffc09e02000 	C:\WINDOWS\System32\ADVAPI32.dll
0x00007ffc0ba40000 - 0x00007ffc0bade000 	C:\WINDOWS\System32\msvcrt.dll
0x00007ffc0bae0000 - 0x00007ffc0bb39000 	C:\WINDOWS\System32\sechost.dll
0x00007ffc09750000 - 0x00007ffc09871000 	C:\WINDOWS\System32\RPCRT4.dll
0x00007ffc0b8d0000 - 0x00007ffc0ba35000 	C:\WINDOWS\System32\USER32.dll
0x00007ffc088e0000 - 0x00007ffc088fe000 	C:\WINDOWS\System32\win32u.dll
0x00007ffc09690000 - 0x00007ffc096c4000 	C:\WINDOWS\System32\GDI32.dll
0x00007ffc08090000 - 0x00007ffc08212000 	C:\WINDOWS\System32\gdi32full.dll
0x00007ffbfcbf0000 - 0x00007ffbfce69000 	C:\WINDOWS\WinSxS\amd64_microsoft.windows.common-controls_6595b64144ccf1df_6.0.14393.447_none_42191651c6827bb3\COMCTL32.dll
0x00007ffc09920000 - 0x00007ffc09be7000 	C:\WINDOWS\System32\combase.dll
0x00007ffc084a0000 - 0x00007ffc08595000 	C:\WINDOWS\System32\ucrtbase.dll
0x00007ffc085a0000 - 0x00007ffc0860a000 	C:\WINDOWS\System32\bcryptPrimitives.dll
0x00007ffc0a190000 - 0x00007ffc0a1be000 	C:\WINDOWS\System32\IMM32.DLL
0x000000005a7d0000 - 0x000000005a8a2000 	C:\Program Files\Java\jdk1.8.0_45\jre\bin\msvcr100.dll
0x000000005ad30000 - 0x000000005b5b3000 	C:\Program Files\Java\jdk1.8.0_45\jre\bin\server\jvm.dll
0x00007ffc0a180000 - 0x00007ffc0a188000 	C:\WINDOWS\System32\PSAPI.DLL
0x00007ffc05a30000 - 0x00007ffc05a39000 	C:\WINDOWS\SYSTEM32\WSOCK32.dll
0x00007ffc09620000 - 0x00007ffc0968a000 	C:\WINDOWS\System32\WS2_32.dll
0x00007ffc00110000 - 0x00007ffc00133000 	C:\WINDOWS\SYSTEM32\WINMM.dll
0x00007ffc00e10000 - 0x00007ffc00e1a000 	C:\WINDOWS\SYSTEM32\VERSION.dll
0x00007ffbffc10000 - 0x00007ffbffc3b000 	C:\WINDOWS\SYSTEM32\WINMMBASE.dll
0x00007ffc089a0000 - 0x00007ffc089e2000 	C:\WINDOWS\System32\cfgmgr32.dll
0x000000005ca00000 - 0x000000005ca0f000 	C:\Program Files\Java\jdk1.8.0_45\jre\bin\verify.dll
0x000000005ad00000 - 0x000000005ad29000 	C:\Program Files\Java\jdk1.8.0_45\jre\bin\java.dll
0x000000005ace0000 - 0x000000005acf6000 	C:\Program Files\Java\jdk1.8.0_45\jre\bin\zip.dll
0x00007ffc0a1c0000 - 0x00007ffc0b6c9000 	C:\WINDOWS\System32\SHELL32.dll
0x00007ffc089f0000 - 0x00007ffc090ca000 	C:\WINDOWS\System32\windows.storage.dll
0x00007ffc07fb0000 - 0x00007ffc07ffc000 	C:\WINDOWS\System32\powrprof.dll
0x00007ffc09ca0000 - 0x00007ffc09cf2000 	C:\WINDOWS\System32\shlwapi.dll
0x00007ffc08020000 - 0x00007ffc0802f000 	C:\WINDOWS\System32\kernel.appcore.dll
0x00007ffc08220000 - 0x00007ffc082c9000 	C:\WINDOWS\System32\shcore.dll
0x00007ffc08000000 - 0x00007ffc08014000 	C:\WINDOWS\System32\profapi.dll
0x00007ffc02260000 - 0x00007ffc023f2000 	C:\WINDOWS\SYSTEM32\dbghelp.dll

VM Arguments:
jvm_args: -Djava.awt.headless=true -Xmx1024M -Dfile.encoding=windows-1252 -Duser.country=US -Duser.language=en -Duser.variant 
java_command: com.android.dx.command.Main --dex --force-jumbo --num-threads=4 --multi-dex --output E:\Projects\ShoppingApplication\app\build\intermediates\transforms\dex\debug\folders\1000\5\slice_0 E:\Projects\ShoppingApplication\app\build\intermediates\transforms\instantRunSlicer\debug\folders\1\5\slice_0
java_class_path (initial): E:\Android\AndroidData\build-tools\23.0.3\lib\dx.jar
Launcher Type: SUN_STANDARD

Environment Variables:
JAVA_HOME=C:\Program Files\Java\jdk1.8.0_45
CLASSPATH=C:\oraclexe\app\oracle\product\10.2.0\server\jdbc\lib\ojdbc14.jar;
PATH=C:\ProgramData\Oracle\Java\javapath;C:\oraclexe\app\oracle\product\10.2.0\server\bin;C:\Program Files (x86)\Intel\iCLS Client\;C:\Program Files\Intel\iCLS Client\;C:\Windows\system32;C:\Windows;C:\Windows\System32\Wbem;C:\Windows\System32\WindowsPowerShell\v1.0\;C:\Program Files\Intel\Intel(R) Management Engine Components\DAL;C:\Program Files\Intel\Intel(R) Management Engine Components\IPT;C:\Program Files (x86)\Intel\Intel(R) Management Engine Components\DAL;C:\Program Files (x86)\Intel\Intel(R) Management Engine Components\IPT;C:\Program Files (x86)\Windows Live\Shared;C:\WINDOWS\system32;C:\WINDOWS;C:\WINDOWS\System32\Wbem;C:\WINDOWS\System32\WindowsPowerShell\v1.0\;C:\Program Files (x86)\NVIDIA Corporation\PhysX\Common;%SystemRoot%\system32;%SystemRoot%;%SystemRoot%\System32\Wbem;%SYSTEMROOT%\System32\WindowsPowerShell\v1.0\;C:\Program Files\Java\jdk1.8.0_45\bin;%USERPROFILE%\AppData\Local\Microsoft\WindowsApps;
USERNAME=Hkohli
OS=Windows_NT
PROCESSOR_IDENTIFIER=Intel64 Family 6 Model 60 Stepping 3, GenuineIntel



---------------  S Y S T E M  ---------------

OS: Windows 10.0 , 64 bit Build 14393 (10.0.14393.0)

CPU:total 4 (2 cores per cpu, 2 threads per core) family 6 model 60 stepping 3, cmov, cx8, fxsr, mmx, sse, sse2, sse3, ssse3, sse4.1, sse4.2, popcnt, avx, avx2, aes, clmul, erms, lzcnt, ht, tsc, tscinvbit, bmi1, bmi2

Memory: 4k page, physical 4129132k(462912k free), swap 6793304k(1512k free)

vm_info: Java HotSpot(TM) 64-Bit Server VM (25.45-b02) for windows-amd64 JRE (1.8.0_45-b15), built on Apr 30 2015 12:40:44 by "java_re" with MS VC++ 10.0 (VS2010)

time: Sat Jan 21 15:45:03 2017
elapsed time: 6 seconds (0d 0h 0m 6s)

